2024.04.12 10:46:32 INFO  Started: Metals version 1.2.2 in folders '/Users/alvin/VScode/OS2Projekti' for client Visual Studio Code 1.87.2.
10:46:34.542 [pool-1-thread-1] INFO org.flywaydb.core.internal.license.VersionPrinter -- Flyway Community Edition 9.22.3 by Redgate
10:46:34.548 [pool-1-thread-1] INFO org.flywaydb.core.internal.license.VersionPrinter -- See release notes here: https://rd.gt/416ObMi
10:46:34.549 [pool-1-thread-1] INFO org.flywaydb.core.internal.license.VersionPrinter -- 
10:46:34.551 [pool-1-thread-1] DEBUG org.flywaydb.core.internal.scanner.classpath.ClassPathScanner -- Scanning for classpath resources at 'classpath:db/callback' ...
10:46:34.552 [pool-1-thread-1] DEBUG org.flywaydb.core.internal.scanner.classpath.ClassPathScanner -- Determining location urls for classpath:db/callback using ClassLoader jdk.internal.loader.ClassLoaders$AppClassLoader@531d72ca ...
10:46:34.552 [pool-1-thread-1] DEBUG org.flywaydb.core.internal.scanner.classpath.ClassPathScanner -- Unable to resolve location classpath:db/callback.
10:46:34.552 [pool-1-thread-1] DEBUG org.flywaydb.core.internal.scanner.classpath.ClassPathScanner -- Scanning for classpath resources at 'classpath:db/migration' ...
10:46:34.552 [pool-1-thread-1] DEBUG org.flywaydb.core.internal.scanner.classpath.ClassPathScanner -- Determining location urls for classpath:db/migration using ClassLoader jdk.internal.loader.ClassLoaders$AppClassLoader@531d72ca ...
10:46:34.556 [pool-1-thread-1] DEBUG org.flywaydb.core.internal.scanner.classpath.ClassPathScanner -- Scanning URL: jar:file:/Users/alvin/Library/Caches/Coursier/v1/https/repo1.maven.org/maven2/org/scalameta/metals_2.13/1.2.2/metals_2.13-1.2.2.jar!/db/migration
10:46:34.560 [pool-1-thread-1] DEBUG org.flywaydb.core.internal.scanner.classpath.ClassPathScanner -- Found resource: db/migration/
10:46:34.560 [pool-1-thread-1] DEBUG org.flywaydb.core.internal.scanner.classpath.ClassPathScanner -- Found resource: db/migration/V1__Create_tables.sql
10:46:34.560 [pool-1-thread-1] DEBUG org.flywaydb.core.internal.scanner.classpath.ClassPathScanner -- Found resource: db/migration/V2__Server_discovery.sql
10:46:34.560 [pool-1-thread-1] DEBUG org.flywaydb.core.internal.scanner.classpath.ClassPathScanner -- Found resource: db/migration/V3__Jar_symbols.sql
10:46:34.560 [pool-1-thread-1] DEBUG org.flywaydb.core.internal.scanner.classpath.ClassPathScanner -- Found resource: db/migration/V4__Fingerprints.sql
10:46:34.560 [pool-1-thread-1] DEBUG org.flywaydb.core.internal.scanner.classpath.ClassPathScanner -- Scanning for classes at classpath:db/migration
10:46:34.571 [pool-1-thread-1] DEBUG org.flywaydb.core.internal.scanner.Scanner -- Filtering out resource: db/migration/ (filename: )
10:46:34.571 [pool-1-thread-1] DEBUG org.flywaydb.core.internal.resource.ResourceNameValidator -- Validating V3__Jar_symbols.sql
10:46:34.574 [pool-1-thread-1] DEBUG org.flywaydb.core.internal.resource.ResourceNameValidator -- Validating V4__Fingerprints.sql
10:46:34.575 [pool-1-thread-1] DEBUG org.flywaydb.core.internal.resource.ResourceNameValidator -- Validating V1__Create_tables.sql
10:46:34.575 [pool-1-thread-1] DEBUG org.flywaydb.core.internal.resource.ResourceNameValidator -- Validating V2__Server_discovery.sql
10:46:34.695 [pool-1-thread-1] INFO org.flywaydb.core.FlywayExecutor -- Database: jdbc:h2:file:/Users/alvin/VScode/OS2Projekti/.metals/metals (H2 2.2)
10:46:34.696 [pool-1-thread-1] DEBUG org.flywaydb.core.FlywayExecutor -- Driver: H2 JDBC Driver 2.2.224 (2023-09-17)
10:46:34.696 [pool-1-thread-1] DEBUG org.flywaydb.core.FlywayExecutor -- DDL Transactions Supported: false
10:46:34.696 [pool-1-thread-1] DEBUG org.flywaydb.core.internal.schemahistory.SchemaHistoryFactory -- Schemas: 
10:46:34.697 [pool-1-thread-1] DEBUG org.flywaydb.core.internal.schemahistory.SchemaHistoryFactory -- Default schema: null
10:46:34.702 [pool-1-thread-1] WARN org.flywaydb.core.internal.database.base.Database -- Flyway upgrade recommended: H2 2.2.224 is newer than this version of Flyway and support has not been tested. The latest supported version of H2 is 2.2.220.
10:46:34.703 [pool-1-thread-1] DEBUG org.flywaydb.core.internal.callback.SqlScriptCallbackFactory -- Scanning for SQL callbacks ...
10:46:34.703 [pool-1-thread-1] DEBUG org.flywaydb.core.internal.scanner.Scanner -- Filtering out resource: db/migration/ (filename: )
10:46:34.710 [pool-1-thread-1] DEBUG org.flywaydb.core.internal.command.DbValidate -- Validating migrations ...
10:46:34.713 [pool-1-thread-1] DEBUG org.flywaydb.core.internal.scanner.Scanner -- Filtering out resource: db/migration/ (filename: )
10:46:34.722 [pool-1-thread-1] DEBUG org.flywaydb.core.internal.scanner.Scanner -- Filtering out resource: db/migration/ (filename: )
10:46:34.722 [pool-1-thread-1] DEBUG org.flywaydb.core.internal.scanner.Scanner -- Filtering out resource: db/migration/V3__Jar_symbols.sql (filename: V3__Jar_symbols.sql)
10:46:34.722 [pool-1-thread-1] DEBUG org.flywaydb.core.internal.scanner.Scanner -- Filtering out resource: db/migration/V4__Fingerprints.sql (filename: V4__Fingerprints.sql)
10:46:34.723 [pool-1-thread-1] DEBUG org.flywaydb.core.internal.scanner.Scanner -- Filtering out resource: db/migration/V1__Create_tables.sql (filename: V1__Create_tables.sql)
10:46:34.723 [pool-1-thread-1] DEBUG org.flywaydb.core.internal.scanner.Scanner -- Filtering out resource: db/migration/V2__Server_discovery.sql (filename: V2__Server_discovery.sql)
10:46:34.723 [pool-1-thread-1] DEBUG org.flywaydb.core.internal.scanner.Scanner -- Filtering out resource: db/migration/ (filename: )
10:46:34.723 [pool-1-thread-1] DEBUG org.flywaydb.core.internal.scanner.Scanner -- Filtering out resource: db/migration/V3__Jar_symbols.sql (filename: V3__Jar_symbols.sql)
10:46:34.723 [pool-1-thread-1] DEBUG org.flywaydb.core.internal.scanner.Scanner -- Filtering out resource: db/migration/V4__Fingerprints.sql (filename: V4__Fingerprints.sql)
10:46:34.723 [pool-1-thread-1] DEBUG org.flywaydb.core.internal.scanner.Scanner -- Filtering out resource: db/migration/V1__Create_tables.sql (filename: V1__Create_tables.sql)
10:46:34.723 [pool-1-thread-1] DEBUG org.flywaydb.core.internal.scanner.Scanner -- Filtering out resource: db/migration/V2__Server_discovery.sql (filename: V2__Server_discovery.sql)
10:46:34.738 [pool-1-thread-1] INFO org.flywaydb.core.internal.command.DbValidate -- Successfully validated 4 migrations (execution time 00:00.028s)
10:46:34.741 [pool-1-thread-1] DEBUG org.flywaydb.core.internal.command.DbSchemas -- Skipping creation of existing schema: "PUBLIC"
10:46:34.747 [pool-1-thread-1] INFO org.flywaydb.core.internal.command.DbMigrate -- Current version of schema "PUBLIC": 4
10:46:34.753 [pool-1-thread-1] INFO org.flywaydb.core.internal.command.DbMigrate -- Schema "PUBLIC" is up to date. No migration necessary.
10:46:35.049 [pool-1-thread-1] DEBUG org.flywaydb.core.FlywayExecutor -- Memory usage: 71 of 200M
2024.04.12 10:46:35 INFO  skipping build import with status 'Installed'
2024.04.12 10:46:35 INFO  Attempting to connect to the build server...
2024.04.12 10:46:35 INFO  Bloop uses /Library/Java/JavaVirtualMachines/amazon-corretto-17.jdk/Contents/Home defined at /Users/alvin/.bloop/bloop.json
2024.04.12 10:46:35 INFO  tracing is disabled for protocol BSP, to enable tracing of incoming and outgoing JSON messages create an empty file at /Users/alvin/VScode/OS2Projekti/.metals/bsp.trace.json or /Users/alvin/Library/Caches/org.scalameta.metals/bsp.trace.json
2024.04.12 10:46:37 INFO  Attempting to connect to the build server...
2024.04.12 10:46:37 INFO  Bloop uses /Library/Java/JavaVirtualMachines/amazon-corretto-17.jdk/Contents/Home defined at /Users/alvin/.bloop/bloop.json
2024.04.12 10:46:37 INFO  tracing is disabled for protocol BSP, to enable tracing of incoming and outgoing JSON messages create an empty file at /Users/alvin/VScode/OS2Projekti/project/.metals/bsp.trace.json or /Users/alvin/Library/Caches/org.scalameta.metals/bsp.trace.json
2024.04.12 10:46:37 INFO  time: Connected to build server in 1.77s
2024.04.12 10:46:37 INFO  Connected to Build server: Bloop v1.5.15
2024.04.12 10:46:38 INFO  time: Imported build in 0.51s
2024.04.12 10:46:56 INFO  Shutting down server
2024.04.12 10:46:56 INFO  shutting down Metals
2024.04.12 10:46:56 INFO  Shut down connection with build server.
2024.04.12 10:46:56 INFO  Shut down connection with build server.
2024.04.12 10:46:57 INFO  Exiting server
2024.04.12 10:47:27 INFO  Started: Metals version 1.2.2 in folders '/Users/alvin/VScode/OS2Projekti' for client Visual Studio Code 1.88.0.
10:47:31.036 [pool-1-thread-3] INFO org.flywaydb.core.internal.license.VersionPrinter -- Flyway Community Edition 9.22.3 by Redgate
10:47:31.045 [pool-1-thread-3] INFO org.flywaydb.core.internal.license.VersionPrinter -- See release notes here: https://rd.gt/416ObMi
10:47:31.045 [pool-1-thread-3] INFO org.flywaydb.core.internal.license.VersionPrinter -- 
10:47:31.048 [pool-1-thread-3] DEBUG org.flywaydb.core.internal.scanner.classpath.ClassPathScanner -- Scanning for classpath resources at 'classpath:db/callback' ...
10:47:31.048 [pool-1-thread-3] DEBUG org.flywaydb.core.internal.scanner.classpath.ClassPathScanner -- Determining location urls for classpath:db/callback using ClassLoader jdk.internal.loader.ClassLoaders$AppClassLoader@531d72ca ...
10:47:31.048 [pool-1-thread-3] DEBUG org.flywaydb.core.internal.scanner.classpath.ClassPathScanner -- Unable to resolve location classpath:db/callback.
10:47:31.048 [pool-1-thread-3] DEBUG org.flywaydb.core.internal.scanner.classpath.ClassPathScanner -- Scanning for classpath resources at 'classpath:db/migration' ...
10:47:31.048 [pool-1-thread-3] DEBUG org.flywaydb.core.internal.scanner.classpath.ClassPathScanner -- Determining location urls for classpath:db/migration using ClassLoader jdk.internal.loader.ClassLoaders$AppClassLoader@531d72ca ...
10:47:31.051 [pool-1-thread-3] DEBUG org.flywaydb.core.internal.scanner.classpath.ClassPathScanner -- Scanning URL: jar:file:/Users/alvin/Library/Caches/Coursier/v1/https/repo1.maven.org/maven2/org/scalameta/metals_2.13/1.2.2/metals_2.13-1.2.2.jar!/db/migration
10:47:31.055 [pool-1-thread-3] DEBUG org.flywaydb.core.internal.scanner.classpath.ClassPathScanner -- Found resource: db/migration/
10:47:31.056 [pool-1-thread-3] DEBUG org.flywaydb.core.internal.scanner.classpath.ClassPathScanner -- Found resource: db/migration/V1__Create_tables.sql
10:47:31.056 [pool-1-thread-3] DEBUG org.flywaydb.core.internal.scanner.classpath.ClassPathScanner -- Found resource: db/migration/V2__Server_discovery.sql
10:47:31.056 [pool-1-thread-3] DEBUG org.flywaydb.core.internal.scanner.classpath.ClassPathScanner -- Found resource: db/migration/V3__Jar_symbols.sql
10:47:31.056 [pool-1-thread-3] DEBUG org.flywaydb.core.internal.scanner.classpath.ClassPathScanner -- Found resource: db/migration/V4__Fingerprints.sql
10:47:31.056 [pool-1-thread-3] DEBUG org.flywaydb.core.internal.scanner.classpath.ClassPathScanner -- Scanning for classes at classpath:db/migration
10:47:31.065 [pool-1-thread-3] DEBUG org.flywaydb.core.internal.scanner.Scanner -- Filtering out resource: db/migration/ (filename: )
10:47:31.066 [pool-1-thread-3] DEBUG org.flywaydb.core.internal.resource.ResourceNameValidator -- Validating V3__Jar_symbols.sql
10:47:31.068 [pool-1-thread-3] DEBUG org.flywaydb.core.internal.resource.ResourceNameValidator -- Validating V4__Fingerprints.sql
10:47:31.068 [pool-1-thread-3] DEBUG org.flywaydb.core.internal.resource.ResourceNameValidator -- Validating V1__Create_tables.sql
10:47:31.068 [pool-1-thread-3] DEBUG org.flywaydb.core.internal.resource.ResourceNameValidator -- Validating V2__Server_discovery.sql
10:47:31.189 [pool-1-thread-3] INFO org.flywaydb.core.FlywayExecutor -- Database: jdbc:h2:file:/Users/alvin/VScode/OS2Projekti/.metals/metals (H2 2.2)
10:47:31.189 [pool-1-thread-3] DEBUG org.flywaydb.core.FlywayExecutor -- Driver: H2 JDBC Driver 2.2.224 (2023-09-17)
10:47:31.189 [pool-1-thread-3] DEBUG org.flywaydb.core.FlywayExecutor -- DDL Transactions Supported: false
10:47:31.190 [pool-1-thread-3] DEBUG org.flywaydb.core.internal.schemahistory.SchemaHistoryFactory -- Schemas: 
10:47:31.190 [pool-1-thread-3] DEBUG org.flywaydb.core.internal.schemahistory.SchemaHistoryFactory -- Default schema: null
10:47:31.196 [pool-1-thread-3] WARN org.flywaydb.core.internal.database.base.Database -- Flyway upgrade recommended: H2 2.2.224 is newer than this version of Flyway and support has not been tested. The latest supported version of H2 is 2.2.220.
10:47:31.196 [pool-1-thread-3] DEBUG org.flywaydb.core.internal.callback.SqlScriptCallbackFactory -- Scanning for SQL callbacks ...
10:47:31.196 [pool-1-thread-3] DEBUG org.flywaydb.core.internal.scanner.Scanner -- Filtering out resource: db/migration/ (filename: )
10:47:31.205 [pool-1-thread-3] DEBUG org.flywaydb.core.internal.command.DbValidate -- Validating migrations ...
10:47:31.209 [pool-1-thread-3] DEBUG org.flywaydb.core.internal.scanner.Scanner -- Filtering out resource: db/migration/ (filename: )
10:47:31.216 [pool-1-thread-3] DEBUG org.flywaydb.core.internal.scanner.Scanner -- Filtering out resource: db/migration/ (filename: )
10:47:31.217 [pool-1-thread-3] DEBUG org.flywaydb.core.internal.scanner.Scanner -- Filtering out resource: db/migration/V3__Jar_symbols.sql (filename: V3__Jar_symbols.sql)
10:47:31.217 [pool-1-thread-3] DEBUG org.flywaydb.core.internal.scanner.Scanner -- Filtering out resource: db/migration/V4__Fingerprints.sql (filename: V4__Fingerprints.sql)
10:47:31.217 [pool-1-thread-3] DEBUG org.flywaydb.core.internal.scanner.Scanner -- Filtering out resource: db/migration/V1__Create_tables.sql (filename: V1__Create_tables.sql)
10:47:31.217 [pool-1-thread-3] DEBUG org.flywaydb.core.internal.scanner.Scanner -- Filtering out resource: db/migration/V2__Server_discovery.sql (filename: V2__Server_discovery.sql)
10:47:31.217 [pool-1-thread-3] DEBUG org.flywaydb.core.internal.scanner.Scanner -- Filtering out resource: db/migration/ (filename: )
10:47:31.217 [pool-1-thread-3] DEBUG org.flywaydb.core.internal.scanner.Scanner -- Filtering out resource: db/migration/V3__Jar_symbols.sql (filename: V3__Jar_symbols.sql)
10:47:31.217 [pool-1-thread-3] DEBUG org.flywaydb.core.internal.scanner.Scanner -- Filtering out resource: db/migration/V4__Fingerprints.sql (filename: V4__Fingerprints.sql)
10:47:31.217 [pool-1-thread-3] DEBUG org.flywaydb.core.internal.scanner.Scanner -- Filtering out resource: db/migration/V1__Create_tables.sql (filename: V1__Create_tables.sql)
10:47:31.217 [pool-1-thread-3] DEBUG org.flywaydb.core.internal.scanner.Scanner -- Filtering out resource: db/migration/V2__Server_discovery.sql (filename: V2__Server_discovery.sql)
10:47:31.231 [pool-1-thread-3] INFO org.flywaydb.core.internal.command.DbValidate -- Successfully validated 4 migrations (execution time 00:00.024s)
10:47:31.235 [pool-1-thread-3] DEBUG org.flywaydb.core.internal.command.DbSchemas -- Skipping creation of existing schema: "PUBLIC"
10:47:31.243 [pool-1-thread-3] INFO org.flywaydb.core.internal.command.DbMigrate -- Current version of schema "PUBLIC": 4
10:47:31.249 [pool-1-thread-3] INFO org.flywaydb.core.internal.command.DbMigrate -- Schema "PUBLIC" is up to date. No migration necessary.
10:47:31.602 [pool-1-thread-3] DEBUG org.flywaydb.core.FlywayExecutor -- Memory usage: 92 of 237M
2024.04.12 10:47:32 INFO  skipping build import with status 'Started'
2024.04.12 10:47:32 INFO  Attempting to connect to the build server...
2024.04.12 10:47:32 INFO  Bloop uses /Library/Java/JavaVirtualMachines/amazon-corretto-17.jdk/Contents/Home defined at /Users/alvin/.bloop/bloop.json
2024.04.12 10:47:32 INFO  tracing is disabled for protocol BSP, to enable tracing of incoming and outgoing JSON messages create an empty file at /Users/alvin/VScode/OS2Projekti/.metals/bsp.trace.json or /Users/alvin/Library/Caches/org.scalameta.metals/bsp.trace.json
2024.04.12 10:47:32 INFO  Attempting to connect to the build server...
2024.04.12 10:47:32 INFO  Bloop uses /Library/Java/JavaVirtualMachines/amazon-corretto-17.jdk/Contents/Home defined at /Users/alvin/.bloop/bloop.json
2024.04.12 10:47:32 INFO  tracing is disabled for protocol BSP, to enable tracing of incoming and outgoing JSON messages create an empty file at /Users/alvin/VScode/OS2Projekti/project/.metals/bsp.trace.json or /Users/alvin/Library/Caches/org.scalameta.metals/bsp.trace.json
2024.04.12 10:47:32 INFO  time: Connected to build server in 1.06s
2024.04.12 10:47:32 INFO  Connected to Build server: Bloop v1.5.15
2024.04.12 10:47:33 INFO  time: Imported build in 0.22s
2024.04.12 10:47:46 INFO  time: indexed workspace in 13s
2024.04.12 10:57:04 INFO  compiling root (1 scala source)
2024.04.12 10:57:07 INFO  time: compiled root in 3.3s
2024.04.12 10:57:15 INFO  compiling root (1 scala source)
2024.04.12 10:57:19 WARN  there was 1 deprecation warning; re-run with -deprecation for details
2024.04.12 10:57:19 INFO  time: compiled root in 5.5s
Apr 12, 2024 2:06:35 PM org.eclipse.lsp4j.jsonrpc.RemoteEndpoint handleCancellation
WARNING: Unmatched cancel notification for request id 52
2024.04.12 14:06:57 INFO  compiling root (5 scala sources)
2024.04.12 14:07:02 WARN  there was 1 deprecation warning; re-run with -deprecation for details
2024.04.12 14:07:02 INFO  time: compiled root in 4.65s
2024.04.12 14:07:03 INFO  compiling root (2 scala sources)
2024.04.12 14:07:06 WARN  there was 1 deprecation warning; re-run with -deprecation for details
2024.04.12 14:07:06 INFO  time: compiled root in 2.31s
2024.04.12 14:07:11 INFO  compiling root (5 scala sources)
2024.04.12 14:07:11 INFO  Deduplicating compilation of root from bsp client 'Metals 1.2.2' (since 3h 19m 38.549s)
2024.04.12 14:07:11 INFO  compiling root (5 scala sources)
2024.04.12 14:07:12 WARN  there was 1 deprecation warning; re-run with -deprecation for details
2024.04.12 14:07:12 WARN  there was 1 deprecation warning; re-run with -deprecation for details
2024.04.12 14:07:12 INFO  time: compiled root in 1.1s
2024.04.12 14:07:12 INFO  Deduplicating compilation of root from bsp client 'Metals 1.2.2' (since 3h 19m 39.743s)
2024.04.12 14:07:12 INFO  tracing is disabled for protocol dap-server, to enable tracing of incoming and outgoing JSON messages create an empty file at /Users/alvin/VScode/OS2Projekti/.metals/dap-server.trace.json or /Users/alvin/Library/Caches/org.scalameta.metals/dap-server.trace.json
2024.04.12 14:07:12 INFO  tracing is disabled for protocol dap-client, to enable tracing of incoming and outgoing JSON messages create an empty file at /Users/alvin/VScode/OS2Projekti/.metals/dap-client.trace.json or /Users/alvin/Library/Caches/org.scalameta.metals/dap-client.trace.json
2024.04.12 14:07:12 INFO  Starting debug proxy for [Dashboard]
2024.04.12 14:07:12 INFO  Loaded expression compiler in 63 milliseconds
2024.04.12 14:07:12 INFO  Loaded step filter in 0 milliseconds
2024.04.12 14:07:12 WARN  Found duplicate entry core_3 in debuggee MainClassDebugAdapter(root, Dashboard)
2024.04.12 14:07:16 INFO  Loaded all sources and classes in 3 seconds
2024.04.12 14:07:18 INFO  Trying to attach to remote debuggee VM localhost:50977 .
2024.04.12 14:07:18 INFO  Attaching to debuggee VM succeeded.
Apr 12, 2024 2:07:30 PM org.eclipse.lsp4j.jsonrpc.RemoteEndpoint handleCancellation
WARNING: Unmatched cancel notification for request id 93
2024.04.12 14:07:39 INFO  Canceling debug proxy for [Dashboard]
2024.04.12 14:07:39 INFO  Closing debug server tcp://0.0.0.0:50974
Apr 12, 2024 2:10:06 PM org.eclipse.lsp4j.jsonrpc.RemoteEndpoint handleCancellation
WARNING: Unmatched cancel notification for request id 112
Apr 12, 2024 2:11:51 PM org.eclipse.lsp4j.jsonrpc.RemoteEndpoint handleCancellation
WARNING: Unmatched cancel notification for request id 145
Apr 12, 2024 2:12:09 PM org.eclipse.lsp4j.jsonrpc.RemoteEndpoint handleCancellation
WARNING: Unmatched cancel notification for request id 166
Apr 12, 2024 2:44:45 PM org.eclipse.lsp4j.jsonrpc.RemoteEndpoint handleCancellation
WARNING: Unmatched cancel notification for request id 211
2024.04.12 14:48:40 INFO  compiling root (2 scala sources)
2024.04.12 14:48:49 INFO  time: compiled root in 8.65s
2024.04.12 14:52:51 INFO  compiling root (2 scala sources)
2024.04.12 14:52:55 INFO  time: compiled root in 4.29s
Apr 12, 2024 2:55:08 PM org.eclipse.lsp4j.jsonrpc.RemoteEndpoint handleCancellation
WARNING: Unmatched cancel notification for request id 396
Apr 12, 2024 2:55:22 PM org.eclipse.lsp4j.jsonrpc.RemoteEndpoint handleCancellation
WARNING: Unmatched cancel notification for request id 442
2024.04.12 14:55:36 INFO  compiling root (2 scala sources)
2024.04.12 14:55:42 INFO  time: compiled root in 5.5s
Apr 12, 2024 3:12:54 PM org.eclipse.lsp4j.jsonrpc.RemoteEndpoint handleCancellation
WARNING: Unmatched cancel notification for request id 507
Apr 12, 2024 3:17:47 PM org.eclipse.lsp4j.jsonrpc.RemoteEndpoint handleCancellation
WARNING: Unmatched cancel notification for request id 535
Apr 12, 2024 3:34:16 PM org.eclipse.lsp4j.jsonrpc.RemoteEndpoint handleCancellation
WARNING: Unmatched cancel notification for request id 1114
Apr 12, 2024 3:34:18 PM org.eclipse.lsp4j.jsonrpc.services.GenericEndpoint notify
INFO: Unsupported notification method: $/setTrace
2024.04.12 15:36:29 INFO  compiling root (2 scala sources)
2024.04.12 15:36:31 INFO  time: compiled root in 1.93s
2024.04.12 15:36:31 INFO  compiling root (2 scala sources)
2024.04.12 15:36:31 INFO  time: compiled root in 0.76s
2024.04.12 15:37:30 INFO  compiling root (4 scala sources)
2024.04.12 15:37:33 INFO  time: compiled root in 2.14s
2024.04.12 15:37:33 INFO  compiling root (4 scala sources)
2024.04.12 15:37:34 INFO  time: compiled root in 0.97s
2024.04.12 15:37:52 INFO  compiling root (3 scala sources)
2024.04.12 15:37:52 INFO  time: compiled root in 0.88s
2024.04.12 15:37:52 INFO  compiling root (3 scala sources)
2024.04.12 15:37:53 INFO  time: compiled root in 0.63s
Apr 12, 2024 3:37:54 PM org.eclipse.lsp4j.jsonrpc.RemoteEndpoint handleCancellation
WARNING: Unmatched cancel notification for request id 1606
Apr 12, 2024 3:38:17 PM org.eclipse.lsp4j.jsonrpc.RemoteEndpoint handleCancellation
WARNING: Unmatched cancel notification for request id 1728
2024.04.12 15:39:06 INFO  compiling root (3 scala sources)
2024.04.12 15:39:06 INFO  time: compiled root in 0.73s
2024.04.12 15:39:06 INFO  compiling root (3 scala sources)
2024.04.12 15:39:08 INFO  time: compiled root in 1.06s
2024.04.12 15:39:15 INFO  compiling root (3 scala sources)
2024.04.12 15:39:17 INFO  time: compiled root in 1.91s
2024.04.12 15:39:17 INFO  compiling root (1 scala source)
2024.04.12 15:39:19 INFO  time: compiled root in 1.76s
2024.04.12 15:39:19 INFO  compiling root (3 scala sources)
2024.04.12 15:39:20 INFO  time: compiled root in 1.52s
2024.04.12 15:39:20 INFO  compiling root (1 scala source)
2024.04.12 15:39:22 INFO  time: compiled root in 1.61s
2024.04.12 15:39:26 INFO  compiling root (4 scala sources)
2024.04.12 15:39:27 WARN  there was 1 deprecation warning; re-run with -deprecation for details
2024.04.12 15:39:27 INFO  time: compiled root in 2.03s
2024.04.12 15:39:41 INFO  Deduplicating compilation of root from bsp client 'Metals 1.2.2' (since 4h 52m 8.963s)
2024.04.12 15:39:41 INFO  compiling root (1 scala source)
2024.04.12 15:39:41 INFO  compiling root (1 scala source)
2024.04.12 15:39:43 WARN  there was 1 deprecation warning; re-run with -deprecation for details
2024.04.12 15:39:43 WARN  there was 1 deprecation warning; re-run with -deprecation for details
2024.04.12 15:39:43 INFO  time: compiled root in 1.84s
2024.04.12 15:39:43 INFO  tracing is disabled for protocol dap-server, to enable tracing of incoming and outgoing JSON messages create an empty file at /Users/alvin/VScode/OS2Projekti/.metals/dap-server.trace.json or /Users/alvin/Library/Caches/org.scalameta.metals/dap-server.trace.json
2024.04.12 15:39:43 INFO  tracing is disabled for protocol dap-client, to enable tracing of incoming and outgoing JSON messages create an empty file at /Users/alvin/VScode/OS2Projekti/.metals/dap-client.trace.json or /Users/alvin/Library/Caches/org.scalameta.metals/dap-client.trace.json
2024.04.12 15:39:44 INFO  Starting debug proxy for [Dashboard]
2024.04.12 15:39:43 INFO  Loaded expression compiler in 12 milliseconds
2024.04.12 15:39:43 INFO  Loaded step filter in 0 milliseconds
2024.04.12 15:39:43 WARN  Found duplicate entry core_3 in debuggee MainClassDebugAdapter(root, Dashboard)
2024.04.12 15:39:48 INFO  Loaded all sources and classes in 4 seconds
2024.04.12 15:39:50 INFO  Trying to attach to remote debuggee VM localhost:52054 .
2024.04.12 15:39:50 INFO  Attaching to debuggee VM succeeded.
2024.04.12 15:40:10 INFO  Closing debug server tcp://0.0.0.0:52051
2024.04.12 15:40:10 INFO  Canceling debug proxy for [Dashboard]
Apr 12, 2024 4:08:04 PM org.eclipse.lsp4j.jsonrpc.RemoteEndpoint handleCancellation
WARNING: Unmatched cancel notification for request id 2390
Exception in thread "pool-8-thread-1" java.lang.InterruptedException
	at scala.meta.internal.metals.FutureCancelToken.checkCanceled(FutureCancelToken.scala:29)
	at scala.meta.internal.pc.CompilerAccess.onCompilerJobQueue$$anonfun$1(CompilerAccess.scala:243)
	at scala.meta.internal.pc.CompilerJobQueue$Job.run(CompilerJobQueue.scala:152)
	at java.base/java.util.concurrent.ThreadPoolExecutor.runWorker(ThreadPoolExecutor.java:1136)
	at java.base/java.util.concurrent.ThreadPoolExecutor$Worker.run(ThreadPoolExecutor.java:635)
	at java.base/java.lang.Thread.run(Thread.java:833)
Apr 12, 2024 4:11:47 PM org.eclipse.lsp4j.jsonrpc.RemoteEndpoint handleCancellation
WARNING: Unmatched cancel notification for request id 3105
2024.04.12 16:12:34 ERROR Failed to tokenize input for semantic tokens for /Users/alvin/VScode/OS2Projekti/src/main/scala/Dashboard.scala
scala.meta.tokenizers.TokenizeException: <input>:162: error: can't use unescaped LF in character literals
        case "Pie" => '
                       ^
	at scala.meta.internal.tokenizers.Reporter.syntaxError(Reporter.scala:23)
	at scala.meta.internal.tokenizers.Reporter.syntaxError$(Reporter.scala:23)
	at scala.meta.internal.tokenizers.Reporter$$anon$1.syntaxError(Reporter.scala:33)
	at scala.meta.internal.tokenizers.Reporter.syntaxError(Reporter.scala:25)
	at scala.meta.internal.tokenizers.Reporter.syntaxError$(Reporter.scala:25)
	at scala.meta.internal.tokenizers.Reporter$$anon$1.syntaxError(Reporter.scala:33)
	at scala.meta.internal.tokenizers.LegacyScanner.fetchSingleQuote$1(LegacyScanner.scala:383)
	at scala.meta.internal.tokenizers.LegacyScanner.fetchToken(LegacyScanner.scala:412)
	at scala.meta.internal.tokenizers.LegacyScanner.nextToken(LegacyScanner.scala:211)
	at scala.meta.internal.tokenizers.LegacyScanner.foreach(LegacyScanner.scala:1011)
	at scala.meta.internal.tokenizers.ScalametaTokenizer.uncachedTokenize(ScalametaTokenizer.scala:24)
	at scala.meta.internal.tokenizers.ScalametaTokenizer.$anonfun$tokenize$1(ScalametaTokenizer.scala:17)
	at scala.collection.concurrent.TrieMap.getOrElseUpdate(TrieMap.scala:962)
	at scala.meta.internal.tokenizers.ScalametaTokenizer.tokenize(ScalametaTokenizer.scala:17)
	at scala.meta.internal.tokenizers.ScalametaTokenizer$$anon$2.apply(ScalametaTokenizer.scala:332)
	at scala.meta.tokenizers.Api$XtensionTokenizeDialectInput.tokenize(Api.scala:25)
	at scala.meta.tokenizers.Api$XtensionTokenizeInputLike.tokenize(Api.scala:14)
	at scala.meta.internal.metals.SemanticTokensProvider$.getTokens(SemanticTokensProvider.scala:28)
	at scala.meta.internal.metals.SemanticTokensProvider$.provide(SemanticTokensProvider.scala:89)
	at scala.meta.internal.metals.Compilers.$anonfun$semanticTokens$3(Compilers.scala:541)
	at scala.concurrent.impl.Promise$Transformation.run(Promise.scala:467)
	at java.util.concurrent.ThreadPoolExecutor.runWorker(ThreadPoolExecutor.java:1136)
	at java.util.concurrent.ThreadPoolExecutor$Worker.run(ThreadPoolExecutor.java:635)
	at java.lang.Thread.run(Thread.java:833)

2024.04.12 16:12:34 ERROR Failed to tokenize input for semantic tokens for /Users/alvin/VScode/OS2Projekti/src/main/scala/Dashboard.scala
scala.meta.tokenizers.TokenizeException: <input>:162: error: can't use unescaped LF in character literals
        case "Pie" => '
                       ^
	at scala.meta.internal.tokenizers.Reporter.syntaxError(Reporter.scala:23)
	at scala.meta.internal.tokenizers.Reporter.syntaxError$(Reporter.scala:23)
	at scala.meta.internal.tokenizers.Reporter$$anon$1.syntaxError(Reporter.scala:33)
	at scala.meta.internal.tokenizers.Reporter.syntaxError(Reporter.scala:25)
	at scala.meta.internal.tokenizers.Reporter.syntaxError$(Reporter.scala:25)
	at scala.meta.internal.tokenizers.Reporter$$anon$1.syntaxError(Reporter.scala:33)
	at scala.meta.internal.tokenizers.LegacyScanner.fetchSingleQuote$1(LegacyScanner.scala:383)
	at scala.meta.internal.tokenizers.LegacyScanner.fetchToken(LegacyScanner.scala:412)
	at scala.meta.internal.tokenizers.LegacyScanner.nextToken(LegacyScanner.scala:211)
	at scala.meta.internal.tokenizers.LegacyScanner.foreach(LegacyScanner.scala:1011)
	at scala.meta.internal.tokenizers.ScalametaTokenizer.uncachedTokenize(ScalametaTokenizer.scala:24)
	at scala.meta.internal.tokenizers.ScalametaTokenizer.$anonfun$tokenize$1(ScalametaTokenizer.scala:17)
	at scala.collection.concurrent.TrieMap.getOrElseUpdate(TrieMap.scala:962)
	at scala.meta.internal.tokenizers.ScalametaTokenizer.tokenize(ScalametaTokenizer.scala:17)
	at scala.meta.internal.tokenizers.ScalametaTokenizer$$anon$2.apply(ScalametaTokenizer.scala:332)
	at scala.meta.tokenizers.Api$XtensionTokenizeDialectInput.tokenize(Api.scala:25)
	at scala.meta.tokenizers.Api$XtensionTokenizeInputLike.tokenize(Api.scala:14)
	at scala.meta.internal.metals.SemanticTokensProvider$.getTokens(SemanticTokensProvider.scala:28)
	at scala.meta.internal.metals.SemanticTokensProvider$.provide(SemanticTokensProvider.scala:89)
	at scala.meta.internal.metals.Compilers.$anonfun$semanticTokens$3(Compilers.scala:541)
	at scala.concurrent.impl.Promise$Transformation.run(Promise.scala:467)
	at java.util.concurrent.ThreadPoolExecutor.runWorker(ThreadPoolExecutor.java:1136)
	at java.util.concurrent.ThreadPoolExecutor$Worker.run(ThreadPoolExecutor.java:635)
	at java.lang.Thread.run(Thread.java:833)

2024.04.12 16:12:35 ERROR Failed to tokenize input for semantic tokens for /Users/alvin/VScode/OS2Projekti/src/main/scala/Dashboard.scala
scala.meta.tokenizers.TokenizeException: <input>:162: error: can't use unescaped LF in character literals
        case "Pie" => '
                       ^
	at scala.meta.internal.tokenizers.Reporter.syntaxError(Reporter.scala:23)
	at scala.meta.internal.tokenizers.Reporter.syntaxError$(Reporter.scala:23)
	at scala.meta.internal.tokenizers.Reporter$$anon$1.syntaxError(Reporter.scala:33)
	at scala.meta.internal.tokenizers.Reporter.syntaxError(Reporter.scala:25)
	at scala.meta.internal.tokenizers.Reporter.syntaxError$(Reporter.scala:25)
	at scala.meta.internal.tokenizers.Reporter$$anon$1.syntaxError(Reporter.scala:33)
	at scala.meta.internal.tokenizers.LegacyScanner.fetchSingleQuote$1(LegacyScanner.scala:383)
	at scala.meta.internal.tokenizers.LegacyScanner.fetchToken(LegacyScanner.scala:412)
	at scala.meta.internal.tokenizers.LegacyScanner.nextToken(LegacyScanner.scala:211)
	at scala.meta.internal.tokenizers.LegacyScanner.foreach(LegacyScanner.scala:1011)
	at scala.meta.internal.tokenizers.ScalametaTokenizer.uncachedTokenize(ScalametaTokenizer.scala:24)
	at scala.meta.internal.tokenizers.ScalametaTokenizer.$anonfun$tokenize$1(ScalametaTokenizer.scala:17)
	at scala.collection.concurrent.TrieMap.getOrElseUpdate(TrieMap.scala:962)
	at scala.meta.internal.tokenizers.ScalametaTokenizer.tokenize(ScalametaTokenizer.scala:17)
	at scala.meta.internal.tokenizers.ScalametaTokenizer$$anon$2.apply(ScalametaTokenizer.scala:332)
	at scala.meta.tokenizers.Api$XtensionTokenizeDialectInput.tokenize(Api.scala:25)
	at scala.meta.tokenizers.Api$XtensionTokenizeInputLike.tokenize(Api.scala:14)
	at scala.meta.internal.metals.SemanticTokensProvider$.getTokens(SemanticTokensProvider.scala:28)
	at scala.meta.internal.metals.SemanticTokensProvider$.provide(SemanticTokensProvider.scala:89)
	at scala.meta.internal.metals.Compilers.$anonfun$semanticTokens$3(Compilers.scala:541)
	at scala.concurrent.impl.Promise$Transformation.run(Promise.scala:467)
	at java.util.concurrent.ThreadPoolExecutor.runWorker(ThreadPoolExecutor.java:1136)
	at java.util.concurrent.ThreadPoolExecutor$Worker.run(ThreadPoolExecutor.java:635)
	at java.lang.Thread.run(Thread.java:833)

2024.04.12 16:12:36 ERROR Failed to tokenize input for semantic tokens for /Users/alvin/VScode/OS2Projekti/src/main/scala/Dashboard.scala
scala.meta.tokenizers.TokenizeException: <input>:162: error: can't use unescaped LF in character literals
        case "Pie" => '
                       ^
	at scala.meta.internal.tokenizers.Reporter.syntaxError(Reporter.scala:23)
	at scala.meta.internal.tokenizers.Reporter.syntaxError$(Reporter.scala:23)
	at scala.meta.internal.tokenizers.Reporter$$anon$1.syntaxError(Reporter.scala:33)
	at scala.meta.internal.tokenizers.Reporter.syntaxError(Reporter.scala:25)
	at scala.meta.internal.tokenizers.Reporter.syntaxError$(Reporter.scala:25)
	at scala.meta.internal.tokenizers.Reporter$$anon$1.syntaxError(Reporter.scala:33)
	at scala.meta.internal.tokenizers.LegacyScanner.fetchSingleQuote$1(LegacyScanner.scala:383)
	at scala.meta.internal.tokenizers.LegacyScanner.fetchToken(LegacyScanner.scala:412)
	at scala.meta.internal.tokenizers.LegacyScanner.nextToken(LegacyScanner.scala:211)
	at scala.meta.internal.tokenizers.LegacyScanner.foreach(LegacyScanner.scala:1011)
	at scala.meta.internal.tokenizers.ScalametaTokenizer.uncachedTokenize(ScalametaTokenizer.scala:24)
	at scala.meta.internal.tokenizers.ScalametaTokenizer.$anonfun$tokenize$1(ScalametaTokenizer.scala:17)
	at scala.collection.concurrent.TrieMap.getOrElseUpdate(TrieMap.scala:962)
	at scala.meta.internal.tokenizers.ScalametaTokenizer.tokenize(ScalametaTokenizer.scala:17)
	at scala.meta.internal.tokenizers.ScalametaTokenizer$$anon$2.apply(ScalametaTokenizer.scala:332)
	at scala.meta.tokenizers.Api$XtensionTokenizeDialectInput.tokenize(Api.scala:25)
	at scala.meta.tokenizers.Api$XtensionTokenizeInputLike.tokenize(Api.scala:14)
	at scala.meta.internal.metals.SemanticTokensProvider$.getTokens(SemanticTokensProvider.scala:28)
	at scala.meta.internal.metals.SemanticTokensProvider$.provide(SemanticTokensProvider.scala:89)
	at scala.meta.internal.metals.Compilers.$anonfun$semanticTokens$3(Compilers.scala:541)
	at scala.concurrent.impl.Promise$Transformation.run(Promise.scala:467)
	at java.util.concurrent.ThreadPoolExecutor.runWorker(ThreadPoolExecutor.java:1136)
	at java.util.concurrent.ThreadPoolExecutor$Worker.run(ThreadPoolExecutor.java:635)
	at java.lang.Thread.run(Thread.java:833)

Apr 12, 2024 4:12:44 PM org.eclipse.lsp4j.jsonrpc.RemoteEndpoint handleCancellation
WARNING: Unmatched cancel notification for request id 3231
Apr 12, 2024 4:12:49 PM org.eclipse.lsp4j.jsonrpc.RemoteEndpoint handleCancellation
WARNING: Unmatched cancel notification for request id 3247
Apr 12, 2024 4:12:52 PM org.eclipse.lsp4j.jsonrpc.RemoteEndpoint handleCancellation
WARNING: Unmatched cancel notification for request id 3254
Apr 12, 2024 4:12:52 PM org.eclipse.lsp4j.jsonrpc.RemoteEndpoint handleCancellation
WARNING: Unmatched cancel notification for request id 3255
Apr 12, 2024 4:13:30 PM org.eclipse.lsp4j.jsonrpc.RemoteEndpoint handleCancellation
WARNING: Unmatched cancel notification for request id 3423
2024.04.12 16:13:50 WARN  Could not load snapshot text for /Users/alvin/VScode/OS2Projekti/src/main/scala/Dashboard.scala
2024.04.12 16:13:50 INFO  Deduplicating compilation of root from bsp client 'Metals 1.2.2' (since 5h 26m 17.731s)
2024.04.12 16:13:50 INFO  compiling root (1 scala source)
2024.04.12 16:13:50 INFO  compiling root (1 scala source)
2024.04.12 16:13:59 WARN  Could not load snapshot text for /Users/alvin/VScode/OS2Projekti/src/main/scala/Dashboard.scala
2024.04.12 16:14:00 WARN  Could not load snapshot text for /Users/alvin/VScode/OS2Projekti/src/main/scala/Dashboard.scala
2024.04.12 16:14:01 WARN  Could not load snapshot text for /Users/alvin/VScode/OS2Projekti/src/main/scala/Dashboard.scala
2024.04.12 16:14:02 WARN  Could not load snapshot text for /Users/alvin/VScode/OS2Projekti/src/main/scala/Dashboard.scala
2024.04.12 16:14:04 WARN  Could not load snapshot text for /Users/alvin/VScode/OS2Projekti/src/main/scala/Dashboard.scala
2024.04.12 16:14:05 INFO  time: compiled root in 14s
2024.04.12 16:14:06 WARN  Could not load snapshot text for /Users/alvin/VScode/OS2Projekti/src/main/scala/Dashboard.scala
2024.04.12 16:14:06 WARN  Could not load snapshot text for /Users/alvin/VScode/OS2Projekti/src/main/scala/Dashboard.scala
2024.04.12 16:14:05 INFO  Deduplicating compilation of root from bsp client 'Metals 1.2.2' (since 5h 26m 33.549s)
2024.04.12 16:14:06 INFO  compiling root (1 scala source)
2024.04.12 16:14:06 INFO  compiling root (1 scala source)
2024.04.12 16:14:07 WARN  Could not load snapshot text for /Users/alvin/VScode/OS2Projekti/src/main/scala/Dashboard.scala
2024.04.12 16:14:07 WARN  Could not load snapshot text for /Users/alvin/VScode/OS2Projekti/src/main/scala/Dashboard.scala
2024.04.12 16:14:08 WARN  Could not load snapshot text for /Users/alvin/VScode/OS2Projekti/src/main/scala/Dashboard.scala
2024.04.12 16:14:08 WARN  Could not load snapshot text for /Users/alvin/VScode/OS2Projekti/src/main/scala/Dashboard.scala
2024.04.12 16:14:10 WARN  Could not load snapshot text for /Users/alvin/VScode/OS2Projekti/src/main/scala/Dashboard.scala
2024.04.12 16:14:10 INFO  time: compiled root in 3.96s
2024.04.12 16:14:11 INFO  {
  "jsonrpc": "2.0",
  "id": "181",
  "error": {
    "code": -32603,
    "message": "Compilation not successful"
  }
}
2024.04.12 16:14:12 ERROR failed: Starting debug server
scala.meta.internal.metals.MetalsBspException: BSP connection failed in the attempt to get: DebugSessionAddress
	at scala.meta.internal.metals.BuildServerConnection$$anonfun$1.$anonfun$applyOrElse$9(BuildServerConnection.scala:494)
	at scala.Option.getOrElse(Option.scala:201)
	at scala.meta.internal.metals.BuildServerConnection$$anonfun$1.applyOrElse(BuildServerConnection.scala:494)
	at scala.meta.internal.metals.BuildServerConnection$$anonfun$1.applyOrElse(BuildServerConnection.scala:469)
	at scala.concurrent.impl.Promise$Transformation.run(Promise.scala:490)
	at java.util.concurrent.ThreadPoolExecutor.runWorker(ThreadPoolExecutor.java:1136)
	at java.util.concurrent.ThreadPoolExecutor$Worker.run(ThreadPoolExecutor.java:635)
	at java.lang.Thread.run(Thread.java:833)
Caused by: org.eclipse.lsp4j.jsonrpc.MessageIssueException: Message could not be parsed.
	at org.eclipse.lsp4j.jsonrpc.RemoteEndpoint.handleResponseIssues(RemoteEndpoint.java:358)
	at org.eclipse.lsp4j.jsonrpc.RemoteEndpoint.handle(RemoteEndpoint.java:317)
	at org.eclipse.lsp4j.jsonrpc.json.StreamMessageProducer.handleMessage(StreamMessageProducer.java:198)
	at org.eclipse.lsp4j.jsonrpc.json.StreamMessageProducer.listen(StreamMessageProducer.java:94)
	at org.eclipse.lsp4j.jsonrpc.json.ConcurrentMessageProcessor.run(ConcurrentMessageProcessor.java:113)
	at java.util.concurrent.Executors$RunnableAdapter.call(Executors.java:539)
	at java.util.concurrent.FutureTask.run(FutureTask.java:264)
	at java.util.concurrent.ThreadPoolExecutor.runWorker(ThreadPoolExecutor.java:1136)
	at java.util.concurrent.ThreadPoolExecutor$Worker.run(ThreadPoolExecutor.java:635)
	at java.lang.Thread.run(Thread.java:833)

Apr 12, 2024 4:14:12 PM org.eclipse.lsp4j.jsonrpc.RemoteEndpoint handleCancellation
WARNING: Unmatched cancel notification for request id 3596
Apr 12, 2024 4:14:12 PM org.eclipse.lsp4j.jsonrpc.RemoteEndpoint handleCancellation
WARNING: Unmatched cancel notification for request id 3599
2024.04.12 16:14:11 WARN  Could not load snapshot text for /Users/alvin/VScode/OS2Projekti/src/main/scala/Dashboard.scala
2024.04.12 16:14:12 WARN  Could not load snapshot text for /Users/alvin/VScode/OS2Projekti/src/main/scala/Dashboard.scala
2024.04.12 16:14:13 WARN  Could not load snapshot text for /Users/alvin/VScode/OS2Projekti/src/main/scala/Dashboard.scala
2024.04.12 16:14:15 WARN  Could not load snapshot text for /Users/alvin/VScode/OS2Projekti/src/main/scala/Dashboard.scala
2024.04.12 16:14:17 WARN  Could not load snapshot text for /Users/alvin/VScode/OS2Projekti/src/main/scala/Dashboard.scala
2024.04.12 16:14:18 WARN  Could not load snapshot text for /Users/alvin/VScode/OS2Projekti/src/main/scala/Dashboard.scala
2024.04.12 16:14:19 WARN  Could not load snapshot text for /Users/alvin/VScode/OS2Projekti/src/main/scala/Dashboard.scala
2024.04.12 16:14:22 INFO  compiling root (1 scala source)
2024.04.12 16:14:23 INFO  time: compiled root in 1.76s
2024.04.12 16:14:24 WARN  Could not load snapshot text for /Users/alvin/VScode/OS2Projekti/src/main/scala/Dashboard.scala
2024.04.12 16:14:23 INFO  compiling root (1 scala source)
2024.04.12 16:14:25 WARN  Could not load snapshot text for /Users/alvin/VScode/OS2Projekti/src/main/scala/Dashboard.scala
2024.04.12 16:14:26 INFO  time: compiled root in 1.56s
2024.04.12 16:14:26 WARN  Could not load snapshot text for /Users/alvin/VScode/OS2Projekti/src/main/scala/Dashboard.scala
2024.04.12 16:14:29 WARN  Could not load snapshot text for /Users/alvin/VScode/OS2Projekti/src/main/scala/Dashboard.scala
2024.04.12 16:14:32 WARN  Could not load snapshot text for /Users/alvin/VScode/OS2Projekti/src/main/scala/Dashboard.scala
2024.04.12 16:14:33 WARN  Could not load snapshot text for /Users/alvin/VScode/OS2Projekti/src/main/scala/Dashboard.scala
2024.04.12 16:14:34 WARN  Could not load snapshot text for /Users/alvin/VScode/OS2Projekti/src/main/scala/Dashboard.scala
2024.04.12 16:14:35 WARN  Could not load snapshot text for /Users/alvin/VScode/OS2Projekti/src/main/scala/Dashboard.scala
2024.04.12 16:14:36 WARN  Could not load snapshot text for /Users/alvin/VScode/OS2Projekti/src/main/scala/Dashboard.scala
2024.04.12 16:14:36 INFO  compiling root (1 scala source)
2024.04.12 16:14:38 INFO  time: compiled root in 1.39s
2024.04.12 16:14:38 INFO  compiling root (1 scala source)
2024.04.12 16:14:38 WARN  Could not load snapshot text for /Users/alvin/VScode/OS2Projekti/src/main/scala/Dashboard.scala
2024.04.12 16:14:40 INFO  time: compiled root in 1.62s
2024.04.12 16:14:40 WARN  Could not load snapshot text for /Users/alvin/VScode/OS2Projekti/src/main/scala/Dashboard.scala
2024.04.12 16:16:47 INFO  compiling root (1 scala source)
2024.04.12 16:16:48 INFO  time: compiled root in 1.24s
2024.04.12 16:16:49 WARN  Could not load snapshot text for /Users/alvin/VScode/OS2Projekti/src/main/scala/Dashboard.scala
2024.04.12 16:16:56 WARN  Could not load snapshot text for /Users/alvin/VScode/OS2Projekti/src/main/scala/Dashboard.scala
2024.04.12 16:16:58 WARN  Could not load snapshot text for /Users/alvin/VScode/OS2Projekti/src/main/scala/Dashboard.scala
Apr 12, 2024 4:17:00 PM org.eclipse.lsp4j.jsonrpc.RemoteEndpoint handleCancellation
WARNING: Unmatched cancel notification for request id 3768
Apr 12, 2024 4:17:07 PM org.eclipse.lsp4j.jsonrpc.RemoteEndpoint handleCancellation
WARNING: Unmatched cancel notification for request id 3787
2024.04.12 16:17:07 WARN  Could not load snapshot text for /Users/alvin/VScode/OS2Projekti/src/main/scala/Dashboard.scala
2024.04.12 16:17:09 WARN  Could not load snapshot text for /Users/alvin/VScode/OS2Projekti/src/main/scala/Dashboard.scala
2024.04.12 16:17:10 ERROR Failed to tokenize input for semantic tokens for /Users/alvin/VScode/OS2Projekti/src/main/scala/Dashboard.scala
scala.meta.tokenizers.TokenizeException: <input>:162: error: can't use unescaped LF in character literals
        case "Pie" => '
                       ^
	at scala.meta.internal.tokenizers.Reporter.syntaxError(Reporter.scala:23)
	at scala.meta.internal.tokenizers.Reporter.syntaxError$(Reporter.scala:23)
	at scala.meta.internal.tokenizers.Reporter$$anon$1.syntaxError(Reporter.scala:33)
	at scala.meta.internal.tokenizers.Reporter.syntaxError(Reporter.scala:25)
	at scala.meta.internal.tokenizers.Reporter.syntaxError$(Reporter.scala:25)
	at scala.meta.internal.tokenizers.Reporter$$anon$1.syntaxError(Reporter.scala:33)
	at scala.meta.internal.tokenizers.LegacyScanner.fetchSingleQuote$1(LegacyScanner.scala:383)
	at scala.meta.internal.tokenizers.LegacyScanner.fetchToken(LegacyScanner.scala:412)
	at scala.meta.internal.tokenizers.LegacyScanner.nextToken(LegacyScanner.scala:211)
	at scala.meta.internal.tokenizers.LegacyScanner.foreach(LegacyScanner.scala:1011)
	at scala.meta.internal.tokenizers.ScalametaTokenizer.uncachedTokenize(ScalametaTokenizer.scala:24)
	at scala.meta.internal.tokenizers.ScalametaTokenizer.$anonfun$tokenize$1(ScalametaTokenizer.scala:17)
	at scala.collection.concurrent.TrieMap.getOrElseUpdate(TrieMap.scala:962)
	at scala.meta.internal.tokenizers.ScalametaTokenizer.tokenize(ScalametaTokenizer.scala:17)
	at scala.meta.internal.tokenizers.ScalametaTokenizer$$anon$2.apply(ScalametaTokenizer.scala:332)
	at scala.meta.tokenizers.Api$XtensionTokenizeDialectInput.tokenize(Api.scala:25)
	at scala.meta.tokenizers.Api$XtensionTokenizeInputLike.tokenize(Api.scala:14)
	at scala.meta.internal.metals.SemanticTokensProvider$.getTokens(SemanticTokensProvider.scala:28)
	at scala.meta.internal.metals.SemanticTokensProvider$.provide(SemanticTokensProvider.scala:89)
	at scala.meta.internal.metals.Compilers.$anonfun$semanticTokens$3(Compilers.scala:541)
	at scala.concurrent.impl.Promise$Transformation.run(Promise.scala:467)
	at java.util.concurrent.ThreadPoolExecutor.runWorker(ThreadPoolExecutor.java:1136)
	at java.util.concurrent.ThreadPoolExecutor$Worker.run(ThreadPoolExecutor.java:635)
	at java.lang.Thread.run(Thread.java:833)

2024.04.12 16:17:11 WARN  Could not load snapshot text for /Users/alvin/VScode/OS2Projekti/src/main/scala/Dashboard.scala
2024.04.12 16:17:12 WARN  Could not load snapshot text for /Users/alvin/VScode/OS2Projekti/src/main/scala/Dashboard.scala
2024.04.12 16:17:24 WARN  Could not load snapshot text for /Users/alvin/VScode/OS2Projekti/src/main/scala/Dashboard.scala
2024.04.12 16:17:25 WARN  Could not load snapshot text for /Users/alvin/VScode/OS2Projekti/src/main/scala/Dashboard.scala
2024.04.12 16:17:42 WARN  Could not load snapshot text for /Users/alvin/VScode/OS2Projekti/src/main/scala/Dashboard.scala
2024.04.12 16:17:48 WARN  Could not load snapshot text for /Users/alvin/VScode/OS2Projekti/src/main/scala/Dashboard.scala
2024.04.12 16:17:50 WARN  Could not load snapshot text for /Users/alvin/VScode/OS2Projekti/src/main/scala/Dashboard.scala
2024.04.12 16:17:51 WARN  Could not load snapshot text for /Users/alvin/VScode/OS2Projekti/src/main/scala/Dashboard.scala
2024.04.12 16:17:52 INFO  compiling root (1 scala source)
2024.04.12 16:17:54 INFO  time: compiled root in 1.6s
2024.04.12 16:17:54 INFO  compiling root (1 scala source)
2024.04.12 16:17:54 WARN  Could not load snapshot text for /Users/alvin/VScode/OS2Projekti/src/main/scala/Dashboard.scala
2024.04.12 16:17:55 INFO  time: compiled root in 1.24s
2024.04.12 16:17:56 WARN  Could not load snapshot text for /Users/alvin/VScode/OS2Projekti/src/main/scala/Dashboard.scala
2024.04.12 16:17:57 WARN  Could not load snapshot text for /Users/alvin/VScode/OS2Projekti/src/main/scala/Dashboard.scala
2024.04.12 16:17:59 WARN  Could not load snapshot text for /Users/alvin/VScode/OS2Projekti/src/main/scala/Dashboard.scala
2024.04.12 16:18:01 WARN  Could not load snapshot text for /Users/alvin/VScode/OS2Projekti/src/main/scala/Dashboard.scala
2024.04.12 16:18:02 INFO  compiling root (1 scala source)
2024.04.12 16:18:03 WARN  Could not load snapshot text for /Users/alvin/VScode/OS2Projekti/src/main/scala/Dashboard.scala
2024.04.12 16:18:03 INFO  time: compiled root in 1.53s
2024.04.12 16:18:03 INFO  compiling root (1 scala source)
2024.04.12 16:18:04 WARN  Could not load snapshot text for /Users/alvin/VScode/OS2Projekti/src/main/scala/Dashboard.scala
2024.04.12 16:18:05 INFO  time: compiled root in 1.61s
2024.04.12 16:18:06 WARN  Could not load snapshot text for /Users/alvin/VScode/OS2Projekti/src/main/scala/Dashboard.scala
2024.04.12 16:18:05 INFO  compiling root (1 scala source)
2024.04.12 16:18:09 WARN  there was 1 deprecation warning; re-run with -deprecation for details
2024.04.12 16:18:09 INFO  time: compiled root in 3.18s
Apr 12, 2024 4:18:21 PM org.eclipse.lsp4j.jsonrpc.RemoteEndpoint handleCancellation
WARNING: Unmatched cancel notification for request id 3979
Apr 12, 2024 4:18:35 PM org.eclipse.lsp4j.jsonrpc.RemoteEndpoint handleCancellation
WARNING: Unmatched cancel notification for request id 4032
2024.04.12 16:18:47 INFO  Deduplicating compilation of root from bsp client 'Metals 1.2.2' (since 5h 31m 14.859s)
2024.04.12 16:18:47 INFO  compiling root (1 scala source)
2024.04.12 16:18:47 INFO  compiling root (1 scala source)
2024.04.12 16:18:49 INFO  time: compiled root in 1.55s
2024.04.12 16:18:49 INFO  compiling root (1 scala source)
2024.04.12 16:18:49 INFO  Deduplicating compilation of root from bsp client 'Metals 1.2.2' (since 5h 31m 16.604s)
2024.04.12 16:18:49 INFO  compiling root (1 scala source)
2024.04.12 16:18:51 INFO  time: compiled root in 1.72s
2024.04.12 16:18:51 INFO  {
  "jsonrpc": "2.0",
  "id": "255",
  "error": {
    "code": -32603,
    "message": "Compilation not successful"
  }
}
2024.04.12 16:18:51 ERROR failed: Starting debug server
scala.meta.internal.metals.MetalsBspException: BSP connection failed in the attempt to get: DebugSessionAddress
	at scala.meta.internal.metals.BuildServerConnection$$anonfun$1.$anonfun$applyOrElse$9(BuildServerConnection.scala:494)
	at scala.Option.getOrElse(Option.scala:201)
	at scala.meta.internal.metals.BuildServerConnection$$anonfun$1.applyOrElse(BuildServerConnection.scala:494)
	at scala.meta.internal.metals.BuildServerConnection$$anonfun$1.applyOrElse(BuildServerConnection.scala:469)
	at scala.concurrent.impl.Promise$Transformation.run(Promise.scala:490)
	at java.util.concurrent.ThreadPoolExecutor.runWorker(ThreadPoolExecutor.java:1136)
	at java.util.concurrent.ThreadPoolExecutor$Worker.run(ThreadPoolExecutor.java:635)
	at java.lang.Thread.run(Thread.java:833)
Caused by: org.eclipse.lsp4j.jsonrpc.MessageIssueException: Message could not be parsed.
	at org.eclipse.lsp4j.jsonrpc.RemoteEndpoint.handleResponseIssues(RemoteEndpoint.java:358)
	at org.eclipse.lsp4j.jsonrpc.RemoteEndpoint.handle(RemoteEndpoint.java:317)
	at org.eclipse.lsp4j.jsonrpc.json.StreamMessageProducer.handleMessage(StreamMessageProducer.java:198)
	at org.eclipse.lsp4j.jsonrpc.json.StreamMessageProducer.listen(StreamMessageProducer.java:94)
	at org.eclipse.lsp4j.jsonrpc.json.ConcurrentMessageProcessor.run(ConcurrentMessageProcessor.java:113)
	at java.util.concurrent.Executors$RunnableAdapter.call(Executors.java:539)
	at java.util.concurrent.FutureTask.run(FutureTask.java:264)
	at java.util.concurrent.ThreadPoolExecutor.runWorker(ThreadPoolExecutor.java:1136)
	at java.util.concurrent.ThreadPoolExecutor$Worker.run(ThreadPoolExecutor.java:635)
	at java.lang.Thread.run(Thread.java:833)

2024.04.12 16:19:03 INFO  compiling root (1 scala source)
2024.04.12 16:19:05 WARN  there was 1 deprecation warning; re-run with -deprecation for details
2024.04.12 16:19:05 INFO  time: compiled root in 2.18s
2024.04.12 16:19:12 ERROR Failed to tokenize input for semantic tokens for /Users/alvin/VScode/OS2Projekti/src/main/scala/Dashboard.scala
scala.meta.tokenizers.TokenizeException: <input>:141: error: illegal character '\u00b4'
      columnChart.createColumnChart(graphDataType, x, y, label, color)
      ^
	at scala.meta.internal.tokenizers.Reporter.syntaxError(Reporter.scala:23)
	at scala.meta.internal.tokenizers.Reporter.syntaxError$(Reporter.scala:23)
	at scala.meta.internal.tokenizers.Reporter$$anon$1.syntaxError(Reporter.scala:33)
	at scala.meta.internal.tokenizers.Reporter.syntaxError(Reporter.scala:25)
	at scala.meta.internal.tokenizers.Reporter.syntaxError$(Reporter.scala:25)
	at scala.meta.internal.tokenizers.Reporter$$anon$1.syntaxError(Reporter.scala:33)
	at scala.meta.internal.tokenizers.LegacyScanner.fetchOther$1(LegacyScanner.scala:469)
	at scala.meta.internal.tokenizers.LegacyScanner.fetchToken(LegacyScanner.scala:474)
	at scala.meta.internal.tokenizers.LegacyScanner.nextToken(LegacyScanner.scala:211)
	at scala.meta.internal.tokenizers.LegacyScanner.foreach(LegacyScanner.scala:1011)
	at scala.meta.internal.tokenizers.ScalametaTokenizer.uncachedTokenize(ScalametaTokenizer.scala:24)
	at scala.meta.internal.tokenizers.ScalametaTokenizer.$anonfun$tokenize$1(ScalametaTokenizer.scala:17)
	at scala.collection.concurrent.TrieMap.getOrElseUpdate(TrieMap.scala:962)
	at scala.meta.internal.tokenizers.ScalametaTokenizer.tokenize(ScalametaTokenizer.scala:17)
	at scala.meta.internal.tokenizers.ScalametaTokenizer$$anon$2.apply(ScalametaTokenizer.scala:332)
	at scala.meta.tokenizers.Api$XtensionTokenizeDialectInput.tokenize(Api.scala:25)
	at scala.meta.tokenizers.Api$XtensionTokenizeInputLike.tokenize(Api.scala:14)
	at scala.meta.internal.metals.SemanticTokensProvider$.getTokens(SemanticTokensProvider.scala:28)
	at scala.meta.internal.metals.SemanticTokensProvider$.provide(SemanticTokensProvider.scala:89)
	at scala.meta.internal.metals.Compilers.$anonfun$semanticTokens$3(Compilers.scala:541)
	at scala.concurrent.impl.Promise$Transformation.run(Promise.scala:467)
	at java.util.concurrent.ThreadPoolExecutor.runWorker(ThreadPoolExecutor.java:1136)
	at java.util.concurrent.ThreadPoolExecutor$Worker.run(ThreadPoolExecutor.java:635)
	at java.lang.Thread.run(Thread.java:833)

2024.04.12 16:19:23 INFO  compiling root (1 scala source)
2024.04.12 16:19:23 INFO  Deduplicating compilation of root from bsp client 'Metals 1.2.2' (since 5h 31m 50.754s)
2024.04.12 16:19:23 INFO  compiling root (1 scala source)
2024.04.12 16:19:25 INFO  time: compiled root in 1.39s
2024.04.12 16:19:25 INFO  compiling root (1 scala source)
2024.04.12 16:19:26 INFO  time: compiled root in 1.17s
2024.04.12 16:19:26 INFO  {
  "jsonrpc": "2.0",
  "id": "273",
  "error": {
    "code": -32603,
    "message": "Compilation not successful"
  }
}
2024.04.12 16:19:26 ERROR failed: Starting debug server
scala.meta.internal.metals.MetalsBspException: BSP connection failed in the attempt to get: DebugSessionAddress
	at scala.meta.internal.metals.BuildServerConnection$$anonfun$1.$anonfun$applyOrElse$9(BuildServerConnection.scala:494)
	at scala.Option.getOrElse(Option.scala:201)
	at scala.meta.internal.metals.BuildServerConnection$$anonfun$1.applyOrElse(BuildServerConnection.scala:494)
	at scala.meta.internal.metals.BuildServerConnection$$anonfun$1.applyOrElse(BuildServerConnection.scala:469)
	at scala.concurrent.impl.Promise$Transformation.run(Promise.scala:490)
	at java.util.concurrent.ThreadPoolExecutor.runWorker(ThreadPoolExecutor.java:1136)
	at java.util.concurrent.ThreadPoolExecutor$Worker.run(ThreadPoolExecutor.java:635)
	at java.lang.Thread.run(Thread.java:833)
Caused by: org.eclipse.lsp4j.jsonrpc.MessageIssueException: Message could not be parsed.
	at org.eclipse.lsp4j.jsonrpc.RemoteEndpoint.handleResponseIssues(RemoteEndpoint.java:358)
	at org.eclipse.lsp4j.jsonrpc.RemoteEndpoint.handle(RemoteEndpoint.java:317)
	at org.eclipse.lsp4j.jsonrpc.json.StreamMessageProducer.handleMessage(StreamMessageProducer.java:198)
	at org.eclipse.lsp4j.jsonrpc.json.StreamMessageProducer.listen(StreamMessageProducer.java:94)
	at org.eclipse.lsp4j.jsonrpc.json.ConcurrentMessageProcessor.run(ConcurrentMessageProcessor.java:113)
	at java.util.concurrent.Executors$RunnableAdapter.call(Executors.java:539)
	at java.util.concurrent.FutureTask.run(FutureTask.java:264)
	at java.util.concurrent.ThreadPoolExecutor.runWorker(ThreadPoolExecutor.java:1136)
	at java.util.concurrent.ThreadPoolExecutor$Worker.run(ThreadPoolExecutor.java:635)
	at java.lang.Thread.run(Thread.java:833)

2024.04.12 16:19:26 INFO  compiling root (1 scala source)
2024.04.12 16:19:27 INFO  time: compiled root in 1.61s
2024.04.12 16:19:31 INFO  compiling root (1 scala source)
2024.04.12 16:19:32 INFO  time: compiled root in 1.15s
2024.04.12 16:19:32 INFO  compiling root (1 scala source)
2024.04.12 16:19:34 INFO  time: compiled root in 1.32s
2024.04.12 16:19:43 INFO  compiling root (1 scala source)
2024.04.12 16:19:44 WARN  there was 1 deprecation warning; re-run with -deprecation for details
2024.04.12 16:19:44 INFO  time: compiled root in 1.59s
2024.04.12 16:21:53 INFO  Deduplicating compilation of root from bsp client 'Metals 1.2.2' (since 5h 34m 20.671s)
2024.04.12 16:21:53 INFO  compiling root (1 scala source)
2024.04.12 16:21:53 INFO  compiling root (1 scala source)
2024.04.12 16:21:55 INFO  time: compiled root in 1.53s
2024.04.12 16:21:55 INFO  compiling root (1 scala source)
2024.04.12 16:21:55 INFO  Deduplicating compilation of root from bsp client 'Metals 1.2.2' (since 5h 34m 22.403s)
2024.04.12 16:21:55 INFO  compiling root (1 scala source)
2024.04.12 16:21:56 INFO  time: compiled root in 1.52s
2024.04.12 16:21:56 INFO  {
  "jsonrpc": "2.0",
  "id": "310",
  "error": {
    "code": -32603,
    "message": "Compilation not successful"
  }
}
2024.04.12 16:21:56 ERROR failed: Starting debug server
scala.meta.internal.metals.MetalsBspException: BSP connection failed in the attempt to get: DebugSessionAddress
	at scala.meta.internal.metals.BuildServerConnection$$anonfun$1.$anonfun$applyOrElse$9(BuildServerConnection.scala:494)
	at scala.Option.getOrElse(Option.scala:201)
	at scala.meta.internal.metals.BuildServerConnection$$anonfun$1.applyOrElse(BuildServerConnection.scala:494)
	at scala.meta.internal.metals.BuildServerConnection$$anonfun$1.applyOrElse(BuildServerConnection.scala:469)
	at scala.concurrent.impl.Promise$Transformation.run(Promise.scala:490)
	at java.util.concurrent.ThreadPoolExecutor.runWorker(ThreadPoolExecutor.java:1136)
	at java.util.concurrent.ThreadPoolExecutor$Worker.run(ThreadPoolExecutor.java:635)
	at java.lang.Thread.run(Thread.java:833)
Caused by: org.eclipse.lsp4j.jsonrpc.MessageIssueException: Message could not be parsed.
	at org.eclipse.lsp4j.jsonrpc.RemoteEndpoint.handleResponseIssues(RemoteEndpoint.java:358)
	at org.eclipse.lsp4j.jsonrpc.RemoteEndpoint.handle(RemoteEndpoint.java:317)
	at org.eclipse.lsp4j.jsonrpc.json.StreamMessageProducer.handleMessage(StreamMessageProducer.java:198)
	at org.eclipse.lsp4j.jsonrpc.json.StreamMessageProducer.listen(StreamMessageProducer.java:94)
	at org.eclipse.lsp4j.jsonrpc.json.ConcurrentMessageProcessor.run(ConcurrentMessageProcessor.java:113)
	at java.util.concurrent.Executors$RunnableAdapter.call(Executors.java:539)
	at java.util.concurrent.FutureTask.run(FutureTask.java:264)
	at java.util.concurrent.ThreadPoolExecutor.runWorker(ThreadPoolExecutor.java:1136)
	at java.util.concurrent.ThreadPoolExecutor$Worker.run(ThreadPoolExecutor.java:635)
	at java.lang.Thread.run(Thread.java:833)

2024.04.12 16:21:58 INFO  compiling root (1 scala source)
2024.04.12 16:21:59 INFO  time: compiled root in 1.55s
2024.04.12 16:21:59 INFO  compiling root (1 scala source)
2024.04.12 16:22:01 INFO  time: compiled root in 2.09s
2024.04.12 16:22:13 INFO  compiling root (1 scala source)
2024.04.12 16:22:14 WARN  there was 1 deprecation warning; re-run with -deprecation for details
2024.04.12 16:22:14 INFO  time: compiled root in 1.68s
Apr 12, 2024 4:25:14 PM org.eclipse.lsp4j.jsonrpc.RemoteEndpoint handleCancellation
WARNING: Unmatched cancel notification for request id 4861
Apr 12, 2024 4:25:47 PM org.eclipse.lsp4j.jsonrpc.RemoteEndpoint handleCancellation
WARNING: Unmatched cancel notification for request id 4943
2024.04.12 16:26:36 INFO  Deduplicating compilation of root from bsp client 'Metals 1.2.2' (since 5h 39m 3.964s)
2024.04.12 16:26:36 INFO  compiling root (1 scala source)
2024.04.12 16:26:36 INFO  compiling root (1 scala source)
2024.04.12 16:26:41 INFO  time: compiled root in 4.25s
2024.04.12 16:26:41 INFO  compiling root (1 scala source)
Apr 12, 2024 4:26:41 PM org.eclipse.lsp4j.jsonrpc.RemoteEndpoint handleCancellation
WARNING: Unmatched cancel notification for request id 5096
2024.04.12 16:26:45 INFO  time: compiled root in 3.58s
2024.04.12 16:26:45 INFO  {
  "jsonrpc": "2.0",
  "id": "347",
  "error": {
    "code": -32603,
    "message": "Compilation not successful"
  }
}
2024.04.12 16:26:45 ERROR failed: Starting debug server
scala.meta.internal.metals.MetalsBspException: BSP connection failed in the attempt to get: DebugSessionAddress
	at scala.meta.internal.metals.BuildServerConnection$$anonfun$1.$anonfun$applyOrElse$9(BuildServerConnection.scala:494)
	at scala.Option.getOrElse(Option.scala:201)
	at scala.meta.internal.metals.BuildServerConnection$$anonfun$1.applyOrElse(BuildServerConnection.scala:494)
	at scala.meta.internal.metals.BuildServerConnection$$anonfun$1.applyOrElse(BuildServerConnection.scala:469)
	at scala.concurrent.impl.Promise$Transformation.run(Promise.scala:490)
	at java.util.concurrent.ThreadPoolExecutor.runWorker(ThreadPoolExecutor.java:1136)
	at java.util.concurrent.ThreadPoolExecutor$Worker.run(ThreadPoolExecutor.java:635)
	at java.lang.Thread.run(Thread.java:833)
Caused by: org.eclipse.lsp4j.jsonrpc.MessageIssueException: Message could not be parsed.
	at org.eclipse.lsp4j.jsonrpc.RemoteEndpoint.handleResponseIssues(RemoteEndpoint.java:358)
	at org.eclipse.lsp4j.jsonrpc.RemoteEndpoint.handle(RemoteEndpoint.java:317)
	at org.eclipse.lsp4j.jsonrpc.json.StreamMessageProducer.handleMessage(StreamMessageProducer.java:198)
	at org.eclipse.lsp4j.jsonrpc.json.StreamMessageProducer.listen(StreamMessageProducer.java:94)
	at org.eclipse.lsp4j.jsonrpc.json.ConcurrentMessageProcessor.run(ConcurrentMessageProcessor.java:113)
	at java.util.concurrent.Executors$RunnableAdapter.call(Executors.java:539)
	at java.util.concurrent.FutureTask.run(FutureTask.java:264)
	at java.util.concurrent.ThreadPoolExecutor.runWorker(ThreadPoolExecutor.java:1136)
	at java.util.concurrent.ThreadPoolExecutor$Worker.run(ThreadPoolExecutor.java:635)
	at java.lang.Thread.run(Thread.java:833)

2024.04.12 16:26:45 INFO  compiling root (1 scala source)
2024.04.12 16:26:46 INFO  time: compiled root in 1.66s
2024.04.12 16:27:02 INFO  compiling root (1 scala source)
2024.04.12 16:27:03 INFO  time: compiled root in 1.26s
2024.04.12 16:27:03 INFO  compiling root (1 scala source)
2024.04.12 16:27:05 INFO  time: compiled root in 1.49s
Apr 12, 2024 4:27:14 PM org.eclipse.lsp4j.jsonrpc.RemoteEndpoint handleCancellation
WARNING: Unmatched cancel notification for request id 5212
2024.04.12 16:27:18 INFO  compiling root (1 scala source)
2024.04.12 16:27:19 INFO  time: compiled root in 1.26s
2024.04.12 16:27:19 INFO  compiling root (1 scala source)
2024.04.12 16:27:20 INFO  time: compiled root in 1.21s
Apr 12, 2024 4:27:40 PM org.eclipse.lsp4j.jsonrpc.RemoteEndpoint handleCancellation
WARNING: Unmatched cancel notification for request id 5324
2024.04.12 16:27:44 ERROR Failed to tokenize input for semantic tokens for /Users/alvin/VScode/OS2Projekti/src/main/scala/Dashboard.scala
scala.meta.tokenizers.TokenizeException: <input>:441: error: unclosed string literal
      if "loadedData then
         ^
	at scala.meta.internal.tokenizers.Reporter.syntaxError(Reporter.scala:23)
	at scala.meta.internal.tokenizers.Reporter.syntaxError$(Reporter.scala:23)
	at scala.meta.internal.tokenizers.Reporter$$anon$1.syntaxError(Reporter.scala:33)
	at scala.meta.internal.tokenizers.Reporter.syntaxError(Reporter.scala:25)
	at scala.meta.internal.tokenizers.Reporter.syntaxError$(Reporter.scala:25)
	at scala.meta.internal.tokenizers.Reporter$$anon$1.syntaxError(Reporter.scala:33)
	at scala.meta.internal.tokenizers.LegacyScanner.getStringLit(LegacyScanner.scala:553)
	at scala.meta.internal.tokenizers.LegacyScanner.fetchDoubleQuote$1(LegacyScanner.scala:372)
	at scala.meta.internal.tokenizers.LegacyScanner.fetchToken(LegacyScanner.scala:376)
	at scala.meta.internal.tokenizers.LegacyScanner.nextToken(LegacyScanner.scala:211)
	at scala.meta.internal.tokenizers.LegacyScanner.foreach(LegacyScanner.scala:1011)
	at scala.meta.internal.tokenizers.ScalametaTokenizer.uncachedTokenize(ScalametaTokenizer.scala:24)
	at scala.meta.internal.tokenizers.ScalametaTokenizer.$anonfun$tokenize$1(ScalametaTokenizer.scala:17)
	at scala.collection.concurrent.TrieMap.getOrElseUpdate(TrieMap.scala:962)
	at scala.meta.internal.tokenizers.ScalametaTokenizer.tokenize(ScalametaTokenizer.scala:17)
	at scala.meta.internal.tokenizers.ScalametaTokenizer$$anon$2.apply(ScalametaTokenizer.scala:332)
	at scala.meta.tokenizers.Api$XtensionTokenizeDialectInput.tokenize(Api.scala:25)
	at scala.meta.tokenizers.Api$XtensionTokenizeInputLike.tokenize(Api.scala:14)
	at scala.meta.internal.metals.SemanticTokensProvider$.getTokens(SemanticTokensProvider.scala:28)
	at scala.meta.internal.metals.SemanticTokensProvider$.provide(SemanticTokensProvider.scala:89)
	at scala.meta.internal.metals.Compilers.$anonfun$semanticTokens$3(Compilers.scala:541)
	at scala.concurrent.impl.Promise$Transformation.run(Promise.scala:467)
	at java.util.concurrent.ThreadPoolExecutor.runWorker(ThreadPoolExecutor.java:1136)
	at java.util.concurrent.ThreadPoolExecutor$Worker.run(ThreadPoolExecutor.java:635)
	at java.lang.Thread.run(Thread.java:833)

Apr 12, 2024 4:27:50 PM org.eclipse.lsp4j.jsonrpc.RemoteEndpoint handleCancellation
WARNING: Unmatched cancel notification for request id 5388
2024.04.12 16:27:52 ERROR Failed to tokenize input for semantic tokens for /Users/alvin/VScode/OS2Projekti/src/main/scala/Dashboard.scala
scala.meta.tokenizers.TokenizeException: <input>:441: error: unclosed string literal
      if "loadedData then
         ^
	at scala.meta.internal.tokenizers.Reporter.syntaxError(Reporter.scala:23)
	at scala.meta.internal.tokenizers.Reporter.syntaxError$(Reporter.scala:23)
	at scala.meta.internal.tokenizers.Reporter$$anon$1.syntaxError(Reporter.scala:33)
	at scala.meta.internal.tokenizers.Reporter.syntaxError(Reporter.scala:25)
	at scala.meta.internal.tokenizers.Reporter.syntaxError$(Reporter.scala:25)
	at scala.meta.internal.tokenizers.Reporter$$anon$1.syntaxError(Reporter.scala:33)
	at scala.meta.internal.tokenizers.LegacyScanner.getStringLit(LegacyScanner.scala:553)
	at scala.meta.internal.tokenizers.LegacyScanner.fetchDoubleQuote$1(LegacyScanner.scala:372)
	at scala.meta.internal.tokenizers.LegacyScanner.fetchToken(LegacyScanner.scala:376)
	at scala.meta.internal.tokenizers.LegacyScanner.nextToken(LegacyScanner.scala:211)
	at scala.meta.internal.tokenizers.LegacyScanner.foreach(LegacyScanner.scala:1011)
	at scala.meta.internal.tokenizers.ScalametaTokenizer.uncachedTokenize(ScalametaTokenizer.scala:24)
	at scala.meta.internal.tokenizers.ScalametaTokenizer.$anonfun$tokenize$1(ScalametaTokenizer.scala:17)
	at scala.collection.concurrent.TrieMap.getOrElseUpdate(TrieMap.scala:962)
	at scala.meta.internal.tokenizers.ScalametaTokenizer.tokenize(ScalametaTokenizer.scala:17)
	at scala.meta.internal.tokenizers.ScalametaTokenizer$$anon$2.apply(ScalametaTokenizer.scala:332)
	at scala.meta.tokenizers.Api$XtensionTokenizeDialectInput.tokenize(Api.scala:25)
	at scala.meta.tokenizers.Api$XtensionTokenizeInputLike.tokenize(Api.scala:14)
	at scala.meta.internal.metals.SemanticTokensProvider$.getTokens(SemanticTokensProvider.scala:28)
	at scala.meta.internal.metals.SemanticTokensProvider$.provide(SemanticTokensProvider.scala:89)
	at scala.meta.internal.metals.Compilers.$anonfun$semanticTokens$3(Compilers.scala:541)
	at scala.concurrent.impl.Promise$Transformation.run(Promise.scala:467)
	at java.util.concurrent.ThreadPoolExecutor.runWorker(ThreadPoolExecutor.java:1136)
	at java.util.concurrent.ThreadPoolExecutor$Worker.run(ThreadPoolExecutor.java:635)
	at java.lang.Thread.run(Thread.java:833)

2024.04.12 16:28:07 INFO  compiling root (1 scala source)
2024.04.12 16:28:10 WARN  there was 1 deprecation warning; re-run with -deprecation for details
2024.04.12 16:28:10 INFO  time: compiled root in 3.05s
Apr 12, 2024 4:28:35 PM org.eclipse.lsp4j.jsonrpc.RemoteEndpoint handleCancellation
WARNING: Unmatched cancel notification for request id 5539
Apr 12, 2024 4:33:54 PM org.eclipse.lsp4j.jsonrpc.RemoteEndpoint handleCancellation
WARNING: Unmatched cancel notification for request id 6571
Apr 12, 2024 4:33:54 PM org.eclipse.lsp4j.jsonrpc.RemoteEndpoint handleCancellation
WARNING: Unmatched cancel notification for request id 6573
2024.04.12 16:35:05 INFO  compiling root (1 scala source)
2024.04.12 16:35:08 WARN  there was 1 deprecation warning; re-run with -deprecation for details
2024.04.12 16:35:08 INFO  time: compiled root in 3.12s
2024.04.12 16:37:10 WARN  Could not load snapshot text for /Users/alvin/VScode/OS2Projekti/src/main/scala/Dashboard.scala
2024.04.12 16:39:45 WARN  Could not load snapshot text for /Users/alvin/VScode/OS2Projekti/src/main/scala/Dashboard.scala
2024.04.12 16:40:19 WARN  Could not load snapshot text for /Users/alvin/VScode/OS2Projekti/src/main/scala/Dashboard.scala
2024.04.12 16:40:24 WARN  Could not load snapshot text for /Users/alvin/VScode/OS2Projekti/src/main/scala/Dashboard.scala
Apr 12, 2024 4:40:28 PM org.eclipse.lsp4j.jsonrpc.RemoteEndpoint handleCancellation
WARNING: Unmatched cancel notification for request id 6862
Apr 12, 2024 4:40:29 PM org.eclipse.lsp4j.jsonrpc.RemoteEndpoint handleCancellation
WARNING: Unmatched cancel notification for request id 6863
Apr 12, 2024 4:40:29 PM org.eclipse.lsp4j.jsonrpc.RemoteEndpoint handleCancellation
WARNING: Unmatched cancel notification for request id 6864
2024.04.12 16:40:29 WARN  Could not load snapshot text for /Users/alvin/VScode/OS2Projekti/src/main/scala/Dashboard.scala
Apr 12, 2024 4:40:30 PM org.eclipse.lsp4j.jsonrpc.RemoteEndpoint handleCancellation
WARNING: Unmatched cancel notification for request id 6872
2024.04.12 16:40:30 WARN  Could not load snapshot text for /Users/alvin/VScode/OS2Projekti/src/main/scala/Dashboard.scala
2024.04.12 16:41:31 WARN  Could not load snapshot text for /Users/alvin/VScode/OS2Projekti/src/main/scala/Dashboard.scala
2024.04.12 16:41:36 WARN  Could not load snapshot text for /Users/alvin/VScode/OS2Projekti/src/main/scala/Dashboard.scala
2024.04.12 16:41:44 WARN  Could not load snapshot text for /Users/alvin/VScode/OS2Projekti/src/main/scala/Dashboard.scala
2024.04.12 16:41:46 WARN  Could not load snapshot text for /Users/alvin/VScode/OS2Projekti/src/main/scala/Dashboard.scala
2024.04.12 16:41:46 WARN  Could not load snapshot text for /Users/alvin/VScode/OS2Projekti/src/main/scala/Dashboard.scala
Apr 12, 2024 4:41:48 PM org.eclipse.lsp4j.jsonrpc.RemoteEndpoint handleCancellation
WARNING: Unmatched cancel notification for request id 6920
2024.04.12 16:41:48 WARN  Could not load snapshot text for /Users/alvin/VScode/OS2Projekti/src/main/scala/Dashboard.scala
2024.04.12 16:41:48 INFO  time: code lens generation in 2.99s
2024.04.12 16:41:48 INFO  time: code lens generation in 2.46s
2024.04.12 16:41:49 WARN  Could not load snapshot text for /Users/alvin/VScode/OS2Projekti/src/main/scala/Dashboard.scala
Apr 12, 2024 4:41:49 PM org.eclipse.lsp4j.jsonrpc.RemoteEndpoint handleCancellation
WARNING: Unmatched cancel notification for request id 6921
Apr 12, 2024 4:41:49 PM org.eclipse.lsp4j.jsonrpc.RemoteEndpoint handleCancellation
WARNING: Unmatched cancel notification for request id 6923
Apr 12, 2024 4:41:49 PM org.eclipse.lsp4j.jsonrpc.RemoteEndpoint handleCancellation
WARNING: Unmatched cancel notification for request id 6926
Apr 12, 2024 4:41:49 PM org.eclipse.lsp4j.jsonrpc.RemoteEndpoint handleCancellation
WARNING: Unmatched cancel notification for request id 6928
Apr 12, 2024 4:41:49 PM org.eclipse.lsp4j.jsonrpc.RemoteEndpoint handleCancellation
WARNING: Unmatched cancel notification for request id 6929
Apr 12, 2024 4:41:49 PM org.eclipse.lsp4j.jsonrpc.RemoteEndpoint handleCancellation
WARNING: Unmatched cancel notification for request id 6924
2024.04.12 16:41:49 WARN  Could not load snapshot text for /Users/alvin/VScode/OS2Projekti/src/main/scala/Dashboard.scala
2024.04.12 16:41:50 WARN  Could not load snapshot text for /Users/alvin/VScode/OS2Projekti/src/main/scala/Dashboard.scala
2024.04.12 16:41:51 WARN  Could not load snapshot text for /Users/alvin/VScode/OS2Projekti/src/main/scala/Dashboard.scala
2024.04.12 16:41:55 WARN  Could not load snapshot text for /Users/alvin/VScode/OS2Projekti/src/main/scala/Dashboard.scala
2024.04.12 16:41:56 WARN  Could not load snapshot text for /Users/alvin/VScode/OS2Projekti/src/main/scala/Dashboard.scala
2024.04.12 16:41:56 WARN  Could not load snapshot text for /Users/alvin/VScode/OS2Projekti/src/main/scala/Dashboard.scala
2024.04.12 16:41:57 WARN  Could not load snapshot text for /Users/alvin/VScode/OS2Projekti/src/main/scala/Dashboard.scala
2024.04.12 16:41:59 WARN  Could not load snapshot text for /Users/alvin/VScode/OS2Projekti/src/main/scala/Dashboard.scala
2024.04.12 16:42:00 WARN  Could not load snapshot text for /Users/alvin/VScode/OS2Projekti/src/main/scala/Dashboard.scala
2024.04.12 16:42:00 WARN  Could not load snapshot text for /Users/alvin/VScode/OS2Projekti/src/main/scala/Dashboard.scala
2024.04.12 16:42:01 WARN  Could not load snapshot text for /Users/alvin/VScode/OS2Projekti/src/main/scala/Dashboard.scala
2024.04.12 16:42:03 WARN  Could not load snapshot text for /Users/alvin/VScode/OS2Projekti/src/main/scala/Dashboard.scala
2024.04.12 16:42:05 WARN  Could not load snapshot text for /Users/alvin/VScode/OS2Projekti/src/main/scala/Dashboard.scala
2024.04.12 16:42:06 WARN  Could not load snapshot text for /Users/alvin/VScode/OS2Projekti/src/main/scala/Dashboard.scala
2024.04.12 16:42:08 WARN  Could not load snapshot text for /Users/alvin/VScode/OS2Projekti/src/main/scala/Dashboard.scala
2024.04.12 16:42:23 WARN  Could not load snapshot text for /Users/alvin/VScode/OS2Projekti/src/main/scala/Dashboard.scala
2024.04.12 16:42:25 WARN  Could not load snapshot text for /Users/alvin/VScode/OS2Projekti/src/main/scala/Dashboard.scala
2024.04.12 16:42:36 WARN  Could not load snapshot text for /Users/alvin/VScode/OS2Projekti/src/main/scala/Dashboard.scala
2024.04.12 16:42:38 WARN  Could not load snapshot text for /Users/alvin/VScode/OS2Projekti/src/main/scala/Dashboard.scala
2024.04.12 16:42:43 WARN  Could not load snapshot text for /Users/alvin/VScode/OS2Projekti/src/main/scala/Dashboard.scala
2024.04.12 16:42:44 WARN  Could not load snapshot text for /Users/alvin/VScode/OS2Projekti/src/main/scala/Dashboard.scala
2024.04.12 16:42:45 WARN  Could not load snapshot text for /Users/alvin/VScode/OS2Projekti/src/main/scala/Dashboard.scala
2024.04.12 16:42:46 WARN  Could not load snapshot text for /Users/alvin/VScode/OS2Projekti/src/main/scala/Dashboard.scala
2024.04.12 16:42:48 WARN  Could not load snapshot text for /Users/alvin/VScode/OS2Projekti/src/main/scala/Dashboard.scala
2024.04.12 16:42:50 WARN  Could not load snapshot text for /Users/alvin/VScode/OS2Projekti/src/main/scala/Dashboard.scala
2024.04.12 16:42:53 WARN  Could not load snapshot text for /Users/alvin/VScode/OS2Projekti/src/main/scala/Dashboard.scala
2024.04.12 16:42:54 WARN  Could not load snapshot text for /Users/alvin/VScode/OS2Projekti/src/main/scala/Dashboard.scala
2024.04.12 16:43:58 WARN  Could not load snapshot text for /Users/alvin/VScode/OS2Projekti/src/main/scala/Dashboard.scala
2024.04.12 16:43:59 WARN  Could not load snapshot text for /Users/alvin/VScode/OS2Projekti/src/main/scala/Dashboard.scala
2024.04.12 16:44:12 WARN  Could not load snapshot text for /Users/alvin/VScode/OS2Projekti/src/main/scala/Dashboard.scala
2024.04.12 16:44:12 WARN  Could not load snapshot text for /Users/alvin/VScode/OS2Projekti/src/main/scala/Dashboard.scala
2024.04.12 16:44:12 WARN  Could not load snapshot text for /Users/alvin/VScode/OS2Projekti/src/main/scala/Dashboard.scala
2024.04.12 16:44:12 WARN  Could not load snapshot text for /Users/alvin/VScode/OS2Projekti/src/main/scala/Dashboard.scala
2024.04.12 16:44:12 WARN  Could not load snapshot text for /Users/alvin/VScode/OS2Projekti/src/main/scala/Dashboard.scala
2024.04.12 16:44:12 WARN  Could not load snapshot text for /Users/alvin/VScode/OS2Projekti/src/main/scala/Dashboard.scala
2024.04.12 16:44:18 WARN  Could not load snapshot text for /Users/alvin/VScode/OS2Projekti/src/main/scala/Dashboard.scala
2024.04.12 16:44:19 WARN  Could not load snapshot text for /Users/alvin/VScode/OS2Projekti/src/main/scala/Dashboard.scala
2024.04.12 16:44:21 WARN  Could not load snapshot text for /Users/alvin/VScode/OS2Projekti/src/main/scala/Dashboard.scala
2024.04.12 16:44:22 WARN  Could not load snapshot text for /Users/alvin/VScode/OS2Projekti/src/main/scala/Dashboard.scala
2024.04.12 16:44:32 WARN  Could not load snapshot text for /Users/alvin/VScode/OS2Projekti/src/main/scala/Dashboard.scala
2024.04.12 16:44:39 WARN  Could not load snapshot text for /Users/alvin/VScode/OS2Projekti/src/main/scala/Dashboard.scala
2024.04.12 16:44:40 WARN  Could not load snapshot text for /Users/alvin/VScode/OS2Projekti/src/main/scala/Dashboard.scala
2024.04.12 16:44:42 WARN  Could not load snapshot text for /Users/alvin/VScode/OS2Projekti/src/main/scala/Dashboard.scala
2024.04.12 16:45:09 WARN  Could not load snapshot text for /Users/alvin/VScode/OS2Projekti/src/main/scala/Dashboard.scala
2024.04.12 16:45:10 WARN  Could not load snapshot text for /Users/alvin/VScode/OS2Projekti/src/main/scala/Dashboard.scala
2024.04.12 16:45:11 WARN  Could not load snapshot text for /Users/alvin/VScode/OS2Projekti/src/main/scala/Dashboard.scala
2024.04.12 16:45:13 WARN  Could not load snapshot text for /Users/alvin/VScode/OS2Projekti/src/main/scala/Dashboard.scala
2024.04.12 16:45:14 WARN  Could not load snapshot text for /Users/alvin/VScode/OS2Projekti/src/main/scala/Dashboard.scala
2024.04.12 16:45:14 WARN  Could not load snapshot text for /Users/alvin/VScode/OS2Projekti/src/main/scala/Dashboard.scala
2024.04.12 16:45:16 WARN  Could not load snapshot text for /Users/alvin/VScode/OS2Projekti/src/main/scala/Dashboard.scala
2024.04.12 16:45:17 WARN  Could not load snapshot text for /Users/alvin/VScode/OS2Projekti/src/main/scala/Dashboard.scala
2024.04.12 16:45:18 WARN  Could not load snapshot text for /Users/alvin/VScode/OS2Projekti/src/main/scala/Dashboard.scala
2024.04.12 16:46:09 WARN  Could not load snapshot text for /Users/alvin/VScode/OS2Projekti/src/main/scala/Dashboard.scala
2024.04.12 16:46:11 WARN  Could not load snapshot text for /Users/alvin/VScode/OS2Projekti/src/main/scala/Dashboard.scala
2024.04.12 16:46:12 WARN  Could not load snapshot text for /Users/alvin/VScode/OS2Projekti/src/main/scala/Dashboard.scala
2024.04.12 16:46:14 WARN  Could not load snapshot text for /Users/alvin/VScode/OS2Projekti/src/main/scala/Dashboard.scala
2024.04.12 16:46:14 WARN  Could not load snapshot text for /Users/alvin/VScode/OS2Projekti/src/main/scala/Dashboard.scala
2024.04.12 16:46:16 WARN  Could not load snapshot text for /Users/alvin/VScode/OS2Projekti/src/main/scala/Dashboard.scala
2024.04.12 16:46:19 WARN  Could not load snapshot text for /Users/alvin/VScode/OS2Projekti/src/main/scala/Dashboard.scala
2024.04.12 16:46:20 WARN  Could not load snapshot text for /Users/alvin/VScode/OS2Projekti/src/main/scala/Dashboard.scala
2024.04.12 16:46:21 WARN  Could not load snapshot text for /Users/alvin/VScode/OS2Projekti/src/main/scala/Dashboard.scala
2024.04.12 16:46:22 WARN  Could not load snapshot text for /Users/alvin/VScode/OS2Projekti/src/main/scala/Dashboard.scala
2024.04.12 16:46:23 WARN  Could not load snapshot text for /Users/alvin/VScode/OS2Projekti/src/main/scala/Dashboard.scala
2024.04.12 16:47:24 WARN  Could not load snapshot text for /Users/alvin/VScode/OS2Projekti/src/main/scala/Dashboard.scala
2024.04.12 16:47:25 WARN  Could not load snapshot text for /Users/alvin/VScode/OS2Projekti/src/main/scala/Dashboard.scala
2024.04.12 16:47:26 WARN  Could not load snapshot text for /Users/alvin/VScode/OS2Projekti/src/main/scala/Dashboard.scala
2024.04.12 16:47:26 WARN  Could not load snapshot text for /Users/alvin/VScode/OS2Projekti/src/main/scala/Dashboard.scala
2024.04.12 16:47:28 WARN  Could not load snapshot text for /Users/alvin/VScode/OS2Projekti/src/main/scala/Dashboard.scala
2024.04.12 16:47:28 WARN  Could not load snapshot text for /Users/alvin/VScode/OS2Projekti/src/main/scala/Dashboard.scala
2024.04.12 16:47:29 WARN  Could not load snapshot text for /Users/alvin/VScode/OS2Projekti/src/main/scala/Dashboard.scala
Apr 12, 2024 4:47:31 PM org.eclipse.lsp4j.jsonrpc.RemoteEndpoint handleCancellation
WARNING: Unmatched cancel notification for request id 7588
2024.04.12 16:47:31 WARN  Could not load snapshot text for /Users/alvin/VScode/OS2Projekti/src/main/scala/Dashboard.scala
2024.04.12 16:47:33 WARN  Could not load snapshot text for /Users/alvin/VScode/OS2Projekti/src/main/scala/Dashboard.scala
2024.04.12 16:47:34 WARN  Could not load snapshot text for /Users/alvin/VScode/OS2Projekti/src/main/scala/Dashboard.scala
2024.04.12 16:47:38 WARN  Could not load snapshot text for /Users/alvin/VScode/OS2Projekti/src/main/scala/Dashboard.scala
2024.04.12 16:47:39 WARN  Could not load snapshot text for /Users/alvin/VScode/OS2Projekti/src/main/scala/Dashboard.scala
2024.04.12 16:47:43 WARN  Could not load snapshot text for /Users/alvin/VScode/OS2Projekti/src/main/scala/Dashboard.scala
2024.04.12 16:47:44 WARN  Could not load snapshot text for /Users/alvin/VScode/OS2Projekti/src/main/scala/Dashboard.scala
2024.04.12 16:47:51 WARN  Could not load snapshot text for /Users/alvin/VScode/OS2Projekti/src/main/scala/Dashboard.scala
2024.04.12 16:48:01 WARN  Could not load snapshot text for /Users/alvin/VScode/OS2Projekti/src/main/scala/Dashboard.scala
2024.04.12 16:48:02 WARN  Could not load snapshot text for /Users/alvin/VScode/OS2Projekti/src/main/scala/Dashboard.scala
2024.04.12 16:48:05 WARN  Could not load snapshot text for /Users/alvin/VScode/OS2Projekti/src/main/scala/Dashboard.scala
2024.04.12 16:48:07 WARN  Could not load snapshot text for /Users/alvin/VScode/OS2Projekti/src/main/scala/Dashboard.scala
2024.04.12 16:48:07 WARN  Could not load snapshot text for /Users/alvin/VScode/OS2Projekti/src/main/scala/Dashboard.scala
2024.04.12 16:48:07 WARN  Could not load snapshot text for /Users/alvin/VScode/OS2Projekti/src/main/scala/Dashboard.scala
2024.04.12 16:48:07 WARN  Could not load snapshot text for /Users/alvin/VScode/OS2Projekti/src/main/scala/Dashboard.scala
2024.04.12 16:48:08 WARN  Could not load snapshot text for /Users/alvin/VScode/OS2Projekti/src/main/scala/Dashboard.scala
2024.04.12 16:48:08 WARN  Could not load snapshot text for /Users/alvin/VScode/OS2Projekti/src/main/scala/Dashboard.scala
2024.04.12 16:48:09 WARN  Could not load snapshot text for /Users/alvin/VScode/OS2Projekti/src/main/scala/Dashboard.scala
2024.04.12 16:48:11 WARN  Could not load snapshot text for /Users/alvin/VScode/OS2Projekti/src/main/scala/Dashboard.scala
2024.04.12 16:48:28 WARN  Could not load snapshot text for /Users/alvin/VScode/OS2Projekti/src/main/scala/Dashboard.scala
2024.04.12 16:48:29 WARN  Could not load snapshot text for /Users/alvin/VScode/OS2Projekti/src/main/scala/Dashboard.scala
2024.04.12 16:48:30 WARN  Could not load snapshot text for /Users/alvin/VScode/OS2Projekti/src/main/scala/Dashboard.scala
2024.04.12 16:48:32 WARN  Could not load snapshot text for /Users/alvin/VScode/OS2Projekti/src/main/scala/Dashboard.scala
2024.04.12 16:48:34 WARN  Could not load snapshot text for /Users/alvin/VScode/OS2Projekti/src/main/scala/Dashboard.scala
2024.04.12 16:48:35 WARN  Could not load snapshot text for /Users/alvin/VScode/OS2Projekti/src/main/scala/Dashboard.scala
2024.04.12 16:48:36 WARN  Could not load snapshot text for /Users/alvin/VScode/OS2Projekti/src/main/scala/Dashboard.scala
2024.04.12 16:48:37 WARN  Could not load snapshot text for /Users/alvin/VScode/OS2Projekti/src/main/scala/Dashboard.scala
2024.04.12 16:48:44 WARN  Could not load snapshot text for /Users/alvin/VScode/OS2Projekti/src/main/scala/Dashboard.scala
Apr 12, 2024 4:48:48 PM org.eclipse.lsp4j.jsonrpc.RemoteEndpoint handleCancellation
WARNING: Unmatched cancel notification for request id 7851
2024.04.12 16:48:48 WARN  Could not load snapshot text for /Users/alvin/VScode/OS2Projekti/src/main/scala/Dashboard.scala
2024.04.12 16:48:49 WARN  Could not load snapshot text for /Users/alvin/VScode/OS2Projekti/src/main/scala/Dashboard.scala
2024.04.12 16:48:49 INFO  Deduplicating compilation of root from bsp client 'Metals 1.2.2' (since 6h 1m 16.813s)
2024.04.12 16:48:49 INFO  compiling root (1 scala source)
2024.04.12 16:48:49 INFO  compiling root (1 scala source)
2024.04.12 16:48:51 WARN  Could not load snapshot text for /Users/alvin/VScode/OS2Projekti/src/main/scala/Dashboard.scala
2024.04.12 16:48:53 WARN  there was 1 deprecation warning; re-run with -deprecation for details
2024.04.12 16:48:53 WARN  there was 1 deprecation warning; re-run with -deprecation for details
2024.04.12 16:48:53 INFO  time: compiled root in 4.14s
2024.04.12 16:48:53 INFO  Deduplicating compilation of root from bsp client 'Metals 1.2.2' (since 6h 1m 21.219s)
2024.04.12 16:48:54 INFO  tracing is disabled for protocol dap-server, to enable tracing of incoming and outgoing JSON messages create an empty file at /Users/alvin/VScode/OS2Projekti/.metals/dap-server.trace.json or /Users/alvin/Library/Caches/org.scalameta.metals/dap-server.trace.json
2024.04.12 16:48:54 INFO  tracing is disabled for protocol dap-client, to enable tracing of incoming and outgoing JSON messages create an empty file at /Users/alvin/VScode/OS2Projekti/.metals/dap-client.trace.json or /Users/alvin/Library/Caches/org.scalameta.metals/dap-client.trace.json
2024.04.12 16:48:54 INFO  Starting debug proxy for [Dashboard]
2024.04.12 16:48:55 INFO  Loaded expression compiler in 66 milliseconds
2024.04.12 16:48:55 INFO  Loaded step filter in 0 milliseconds
2024.04.12 16:48:55 WARN  Found duplicate entry core_3 in debuggee MainClassDebugAdapter(root, Dashboard)
2024.04.12 16:48:59 INFO  Loaded all sources and classes in 4 seconds
2024.04.12 16:49:01 INFO  Trying to attach to remote debuggee VM localhost:53354 .
2024.04.12 16:49:01 INFO  Attaching to debuggee VM succeeded.
2024.04.12 16:49:54 INFO  Canceling debug proxy for [Dashboard]
2024.04.12 16:49:54 INFO  Closing debug server tcp://0.0.0.0:53351
Apr 12, 2024 4:53:11 PM org.eclipse.lsp4j.jsonrpc.RemoteEndpoint handleCancellation
WARNING: Unmatched cancel notification for request id 8207
Apr 12, 2024 4:53:54 PM org.eclipse.lsp4j.jsonrpc.RemoteEndpoint handleCancellation
WARNING: Unmatched cancel notification for request id 8399
2024.04.12 16:54:23 INFO  compiling root (1 scala source)
2024.04.12 16:54:28 WARN  there was 1 deprecation warning; re-run with -deprecation for details
2024.04.12 16:54:28 INFO  time: compiled root in 5.56s
Apr 12, 2024 4:56:29 PM org.eclipse.lsp4j.jsonrpc.RemoteEndpoint handleCancellation
WARNING: Unmatched cancel notification for request id 8741
Apr 12, 2024 4:58:15 PM org.eclipse.lsp4j.jsonrpc.RemoteEndpoint handleCancellation
WARNING: Unmatched cancel notification for request id 9155
Apr 12, 2024 4:58:47 PM org.eclipse.lsp4j.jsonrpc.RemoteEndpoint handleCancellation
WARNING: Unmatched cancel notification for request id 9225
Apr 12, 2024 4:59:03 PM org.eclipse.lsp4j.jsonrpc.RemoteEndpoint handleCancellation
WARNING: Unmatched cancel notification for request id 9321
Apr 12, 2024 4:59:39 PM org.eclipse.lsp4j.jsonrpc.RemoteEndpoint handleCancellation
WARNING: Unmatched cancel notification for request id 9521
Apr 12, 2024 5:03:07 PM org.eclipse.lsp4j.jsonrpc.RemoteEndpoint handleCancellation
WARNING: Unmatched cancel notification for request id 10035
Apr 12, 2024 5:03:40 PM org.eclipse.lsp4j.jsonrpc.RemoteEndpoint handleCancellation
WARNING: Unmatched cancel notification for request id 10093
Apr 12, 2024 5:09:47 PM org.eclipse.lsp4j.jsonrpc.RemoteEndpoint handleCancellation
WARNING: Unmatched cancel notification for request id 11300
Apr 12, 2024 5:09:47 PM org.eclipse.lsp4j.jsonrpc.RemoteEndpoint handleCancellation
WARNING: Unmatched cancel notification for request id 11301
2024.04.12 17:12:10 INFO  compiling root (1 scala source)
2024.04.12 17:12:13 WARN  there was 1 deprecation warning; re-run with -deprecation for details
2024.04.12 17:12:13 INFO  time: compiled root in 3.31s
Apr 12, 2024 5:13:04 PM org.eclipse.lsp4j.jsonrpc.RemoteEndpoint handleCancellation
WARNING: Unmatched cancel notification for request id 11947
2024.04.12 17:13:10 INFO  compiling root (1 scala source)
2024.04.12 17:13:12 WARN  there was 1 deprecation warning; re-run with -deprecation for details
2024.04.12 17:13:12 INFO  time: compiled root in 2.6s
2024.04.12 17:13:12 INFO  compiling root (1 scala source)
2024.04.12 17:13:15 WARN  there was 1 deprecation warning; re-run with -deprecation for details
2024.04.12 17:13:15 INFO  time: compiled root in 2.66s
2024.04.12 17:13:37 INFO  compiling root (1 scala source)
2024.04.12 17:13:39 WARN  there was 1 deprecation warning; re-run with -deprecation for details
2024.04.12 17:13:39 INFO  time: compiled root in 2.22s
2024.04.12 17:13:44 INFO  compiling root (1 scala source)
2024.04.12 17:13:46 WARN  there was 1 deprecation warning; re-run with -deprecation for details
2024.04.12 17:13:46 INFO  time: compiled root in 2.32s
Apr 12, 2024 5:14:05 PM org.eclipse.lsp4j.jsonrpc.RemoteEndpoint handleCancellation
WARNING: Unmatched cancel notification for request id 12108
